<?xml version="1.0" encoding="UTF-8"?>
<coverage generated="1776289717119" clover="3.2.0">
  <project timestamp="1776289717119" name="All files">
    <metrics statements="511" coveredstatements="492" conditionals="241" coveredconditionals="189" methods="77" coveredmethods="76" elements="829" coveredelements="757" complexity="0" loc="511" ncloc="511" packages="1" files="5" classes="5"/>
    <file name="cache-manager.ts" path="/root/.openclaw/workspace/openclaw-pm/src/cache-manager.ts">
      <metrics statements="111" coveredstatements="110" conditionals="39" coveredconditionals="30" methods="15" coveredmethods="15"/>
      <line num="1" count="1" type="stmt"/>
      <line num="2" count="1" type="stmt"/>
      <line num="3" count="1" type="stmt"/>
      <line num="18" count="1" type="stmt"/>
      <line num="24" count="15" type="stmt"/>
      <line num="25" count="15" type="stmt"/>
      <line num="26" count="15" type="stmt"/>
      <line num="27" count="15" type="stmt"/>
      <line num="34" count="15" type="cond" truecount="2" falsecount="0"/>
      <line num="35" count="13" type="stmt"/>
      <line num="43" count="27" type="stmt"/>
      <line num="44" count="27" type="stmt"/>
      <line num="51" count="27" type="stmt"/>
      <line num="58" count="8" type="stmt"/>
      <line num="65" count="20" type="stmt"/>
      <line num="66" count="20" type="stmt"/>
      <line num="67" count="26" type="stmt"/>
      <line num="69" count="20" type="stmt"/>
      <line num="76" count="2" type="stmt"/>
      <line num="77" count="2" type="stmt"/>
      <line num="78" count="2" type="cond" truecount="1" falsecount="1"/>
      <line num="79" count="0" type="stmt"/>
      <line num="88" count="2" type="stmt"/>
      <line num="89" count="2" type="stmt"/>
      <line num="91" count="2" type="stmt"/>
      <line num="92" count="2" type="cond" truecount="1" falsecount="1"/>
      <line num="93" count="2" type="stmt"/>
      <line num="94" count="2" type="stmt"/>
      <line num="98" count="2" type="cond" truecount="1" falsecount="1"/>
      <line num="99" count="2" type="stmt"/>
      <line num="108" count="15" type="stmt"/>
      <line num="109" count="15" type="cond" truecount="4" falsecount="0"/>
      <line num="110" count="4" type="stmt"/>
      <line num="114" count="11" type="stmt"/>
      <line num="115" count="11" type="cond" truecount="2" falsecount="0"/>
      <line num="116" count="4" type="stmt"/>
      <line num="117" count="4" type="stmt"/>
      <line num="118" count="4" type="stmt"/>
      <line num="120" count="3" type="cond" truecount="2" falsecount="0"/>
      <line num="122" count="2" type="stmt"/>
      <line num="123" count="2" type="stmt"/>
      <line num="126" count="1" type="stmt"/>
      <line num="130" count="1" type="stmt"/>
      <line num="134" count="9" type="stmt"/>
      <line num="141" count="15" type="stmt"/>
      <line num="149" count="15" type="stmt"/>
      <line num="152" count="15" type="cond" truecount="2" falsecount="0"/>
      <line num="153" count="2" type="stmt"/>
      <line num="154" count="2" type="cond" truecount="1" falsecount="1"/>
      <line num="155" count="2" type="stmt"/>
      <line num="160" count="15" type="stmt"/>
      <line num="161" count="15" type="stmt"/>
      <line num="162" count="15" type="stmt"/>
      <line num="173" count="1" type="stmt"/>
      <line num="176" count="1" type="stmt"/>
      <line num="177" count="1" type="cond" truecount="1" falsecount="1"/>
      <line num="178" count="1" type="stmt"/>
      <line num="187" count="1" type="stmt"/>
      <line num="190" count="1" type="stmt"/>
      <line num="191" count="1" type="stmt"/>
      <line num="192" count="2" type="cond" truecount="1" falsecount="1"/>
      <line num="193" count="2" type="stmt"/>
      <line num="202" count="2" type="stmt"/>
      <line num="203" count="2" type="stmt"/>
      <line num="206" count="2" type="stmt"/>
      <line num="207" count="3" type="cond" truecount="2" falsecount="0"/>
      <line num="208" count="2" type="stmt"/>
      <line num="209" count="2" type="stmt"/>
      <line num="214" count="2" type="stmt"/>
      <line num="215" count="2" type="stmt"/>
      <line num="216" count="4" type="cond" truecount="1" falsecount="1"/>
      <line num="218" count="4" type="stmt"/>
      <line num="219" count="4" type="stmt"/>
      <line num="220" count="4" type="stmt"/>
      <line num="221" count="4" type="stmt"/>
      <line num="223" count="3" type="cond" truecount="2" falsecount="0"/>
      <line num="224" count="2" type="stmt"/>
      <line num="225" count="2" type="stmt"/>
      <line num="229" count="1" type="stmt"/>
      <line num="233" count="2" type="stmt"/>
      <line num="240" count="2" type="stmt"/>
      <line num="241" count="2" type="stmt"/>
      <line num="244" count="2" type="stmt"/>
      <line num="245" count="2" type="cond" truecount="2" falsecount="0"/>
      <line num="246" count="1" type="stmt"/>
      <line num="247" count="1" type="stmt"/>
      <line num="252" count="2" type="stmt"/>
      <line num="253" count="2" type="stmt"/>
      <line num="254" count="3" type="cond" truecount="1" falsecount="1"/>
      <line num="256" count="3" type="stmt"/>
      <line num="257" count="3" type="stmt"/>
      <line num="258" count="3" type="stmt"/>
      <line num="259" count="3" type="stmt"/>
      <line num="261" count="2" type="cond" truecount="2" falsecount="0"/>
      <line num="262" count="1" type="stmt"/>
      <line num="263" count="1" type="stmt"/>
      <line num="267" count="1" type="stmt"/>
      <line num="268" count="1" type="stmt"/>
      <line num="272" count="2" type="stmt"/>
      <line num="284" count="3" type="stmt"/>
      <line num="285" count="3" type="stmt"/>
      <line num="287" count="3" type="stmt"/>
      <line num="288" count="3" type="stmt"/>
      <line num="289" count="3" type="stmt"/>
      <line num="291" count="3" type="stmt"/>
      <line num="292" count="5" type="cond" truecount="1" falsecount="1"/>
      <line num="294" count="5" type="stmt"/>
      <line num="295" count="5" type="stmt"/>
      <line num="296" count="5" type="stmt"/>
      <line num="297" count="5" type="stmt"/>
      <line num="300" count="3" type="stmt"/>
    </file>
    <file name="config.ts" path="/root/.openclaw/workspace/openclaw-pm/src/config.ts">
      <metrics statements="76" coveredstatements="76" conditionals="33" coveredconditionals="24" methods="16" coveredmethods="16"/>
      <line num="6" count="3" type="stmt"/>
      <line num="7" count="3" type="stmt"/>
      <line num="8" count="3" type="stmt"/>
      <line num="11" count="4" type="stmt"/>
      <line num="15" count="2" type="cond" truecount="2" falsecount="0"/>
      <line num="16" count="1" type="stmt"/>
      <line num="19" count="1" type="stmt"/>
      <line num="20" count="1" type="stmt"/>
      <line num="22" count="1" type="stmt"/>
      <line num="23" count="5" type="cond" truecount="1" falsecount="1"/>
      <line num="24" count="5" type="stmt"/>
      <line num="28" count="1" type="stmt"/>
      <line num="31" count="3" type="stmt"/>
      <line num="32" count="4" type="cond" truecount="2" falsecount="0"/>
      <line num="33" count="3" type="stmt"/>
      <line num="36" count="1" type="stmt"/>
      <line num="37" count="1" type="stmt"/>
      <line num="44" count="1" type="cond" truecount="1" falsecount="1"/>
      <line num="45" count="1" type="stmt"/>
      <line num="47" count="1" type="stmt"/>
      <line num="48" count="2" type="stmt"/>
      <line num="49" count="2" type="cond" truecount="2" falsecount="0"/>
      <line num="50" count="1" type="stmt"/>
      <line num="51" count="1" type="stmt"/>
      <line num="55" count="1" type="stmt"/>
      <line num="58" count="3" type="stmt"/>
      <line num="59" count="1" type="stmt"/>
      <line num="62" count="3" type="cond" truecount="0" falsecount="1"/>
      <line num="63" count="3" type="stmt"/>
      <line num="66" count="3" type="cond" truecount="0" falsecount="1"/>
      <line num="67" count="3" type="stmt"/>
      <line num="70" count="3" type="cond" truecount="0" falsecount="1"/>
      <line num="71" count="5" type="stmt"/>
      <line num="74" count="3" type="cond" truecount="0" falsecount="1"/>
      <line num="75" count="1" type="stmt"/>
      <line num="116" count="3" type="stmt"/>
      <line num="118" count="50" type="stmt"/>
      <line num="121" count="50" type="cond" truecount="1" falsecount="1"/>
      <line num="128" count="198" type="cond" truecount="2" falsecount="0"/>
      <line num="129" count="151" type="stmt"/>
      <line num="132" count="47" type="cond" truecount="2" falsecount="0"/>
      <line num="133" count="5" type="stmt"/>
      <line num="136" count="42" type="stmt"/>
      <line num="137" count="42" type="stmt"/>
      <line num="138" count="42" type="stmt"/>
      <line num="145" count="8" type="stmt"/>
      <line num="146" count="8" type="cond" truecount="2" falsecount="0"/>
      <line num="147" count="1" type="stmt"/>
      <line num="150" count="8" type="stmt"/>
      <line num="151" count="8" type="stmt"/>
      <line num="158" count="189" type="stmt"/>
      <line num="159" count="184" type="stmt"/>
      <line num="160" count="184" type="stmt"/>
      <line num="162" count="184" type="stmt"/>
      <line num="163" count="337" type="cond" truecount="5" falsecount="0"/>
      <line num="164" count="331" type="stmt"/>
      <line num="166" count="6" type="stmt"/>
      <line num="170" count="178" type="stmt"/>
      <line num="177" count="6" type="stmt"/>
      <line num="178" count="6" type="stmt"/>
      <line num="179" count="6" type="stmt"/>
      <line num="181" count="6" type="stmt"/>
      <line num="182" count="4" type="stmt"/>
      <line num="183" count="4" type="cond" truecount="2" falsecount="0"/>
      <line num="184" count="2" type="stmt"/>
      <line num="186" count="4" type="stmt"/>
      <line num="189" count="6" type="stmt"/>
      <line num="190" count="6" type="stmt"/>
      <line num="197" count="3" type="stmt"/>
      <line num="204" count="2" type="stmt"/>
      <line num="206" count="2" type="stmt"/>
      <line num="256" count="2" type="stmt"/>
      <line num="257" count="2" type="cond" truecount="1" falsecount="1"/>
      <line num="258" count="2" type="stmt"/>
      <line num="261" count="2" type="stmt"/>
      <line num="262" count="2" type="stmt"/>
    </file>
    <file name="health-checker.ts" path="/root/.openclaw/workspace/openclaw-pm/src/health-checker.ts">
      <metrics statements="158" coveredstatements="150" conditionals="77" coveredconditionals="65" methods="24" coveredmethods="24"/>
      <line num="6" count="2" type="stmt"/>
      <line num="7" count="2" type="stmt"/>
      <line num="8" count="2" type="stmt"/>
      <line num="13" count="2" type="stmt"/>
      <line num="18" count="30" type="stmt"/>
      <line num="19" count="30" type="stmt"/>
      <line num="26" count="30" type="stmt"/>
      <line num="28" count="30" type="stmt"/>
      <line num="31" count="30" type="stmt"/>
      <line num="39" count="30" type="stmt"/>
      <line num="40" count="30" type="stmt"/>
      <line num="41" count="30" type="stmt"/>
      <line num="43" count="30" type="stmt"/>
      <line num="46" count="30" type="stmt"/>
      <line num="47" count="150" type="cond" truecount="2" falsecount="0"/>
      <line num="48" count="5" type="stmt"/>
      <line num="54" count="145" type="cond" truecount="2" falsecount="0"/>
      <line num="55" count="18" type="stmt"/>
      <line num="65" count="30" type="stmt"/>
      <line num="68" count="30" type="stmt"/>
      <line num="69" count="30" type="cond" truecount="2" falsecount="0"/>
      <line num="70" count="1" type="stmt"/>
      <line num="71" count="29" type="cond" truecount="1" falsecount="1"/>
      <line num="72" count="0" type="stmt"/>
      <line num="75" count="30" type="stmt"/>
      <line num="83" count="30" type="stmt"/>
      <line num="84" count="30" type="stmt"/>
      <line num="91" count="30" type="stmt"/>
      <line num="92" count="30" type="stmt"/>
      <line num="94" count="29" type="cond" truecount="1" falsecount="1"/>
      <line num="95" count="0" type="stmt"/>
      <line num="103" count="29" type="stmt"/>
      <line num="104" count="29" type="cond" truecount="1" falsecount="1"/>
      <line num="105" count="0" type="stmt"/>
      <line num="112" count="29" type="stmt"/>
      <line num="118" count="1" type="stmt"/>
      <line num="129" count="30" type="stmt"/>
      <line num="131" count="30" type="cond" truecount="1" falsecount="1"/>
      <line num="134" count="29" type="cond" truecount="2" falsecount="0"/>
      <line num="135" count="8" type="stmt"/>
      <line num="141" count="21" type="stmt"/>
      <line num="142" count="21" type="stmt"/>
      <line num="145" count="21" type="stmt"/>
      <line num="146" count="21" type="cond" truecount="2" falsecount="0"/>
      <line num="147" count="1" type="stmt"/>
      <line num="151" count="21" type="stmt"/>
      <line num="152" count="21" type="cond" truecount="1" falsecount="1"/>
      <line num="153" count="0" type="stmt"/>
      <line num="157" count="21" type="stmt"/>
      <line num="158" count="21" type="cond" truecount="2" falsecount="0"/>
      <line num="159" count="4" type="stmt"/>
      <line num="162" count="21" type="cond" truecount="2" falsecount="0"/>
      <line num="163" count="5" type="stmt"/>
      <line num="170" count="16" type="stmt"/>
      <line num="176" count="1" type="stmt"/>
      <line num="187" count="30" type="stmt"/>
      <line num="188" count="30" type="stmt"/>
      <line num="189" count="29" type="stmt"/>
      <line num="191" count="29" type="cond" truecount="2" falsecount="0"/>
      <line num="192" count="8" type="stmt"/>
      <line num="198" count="21" type="stmt"/>
      <line num="200" count="21" type="cond" truecount="2" falsecount="0"/>
      <line num="201" count="18" type="stmt"/>
      <line num="207" count="3" type="stmt"/>
      <line num="208" count="3" type="stmt"/>
      <line num="209" count="3" type="stmt"/>
      <line num="211" count="3" type="stmt"/>
      <line num="212" count="3" type="stmt"/>
      <line num="213" count="3" type="stmt"/>
      <line num="215" count="3" type="cond" truecount="2" falsecount="0"/>
      <line num="216" count="2" type="stmt"/>
      <line num="220" count="3" type="cond" truecount="2" falsecount="0"/>
      <line num="221" count="2" type="stmt"/>
      <line num="228" count="1" type="stmt"/>
      <line num="234" count="1" type="stmt"/>
      <line num="245" count="30" type="stmt"/>
      <line num="246" count="30" type="stmt"/>
      <line num="247" count="29" type="stmt"/>
      <line num="248" count="29" type="stmt"/>
      <line num="250" count="29" type="cond" truecount="2" falsecount="0"/>
      <line num="251" count="24" type="stmt"/>
      <line num="258" count="5" type="stmt"/>
      <line num="263" count="5" type="stmt"/>
      <line num="271" count="5" type="stmt"/>
      <line num="272" count="5" type="stmt"/>
      <line num="274" count="5" type="stmt"/>
      <line num="275" count="32" type="stmt"/>
      <line num="276" count="160" type="cond" truecount="2" falsecount="0"/>
      <line num="278" count="40" type="stmt"/>
      <line num="279" count="40" type="cond" truecount="1" falsecount="1"/>
      <line num="280" count="40" type="cond" truecount="2" falsecount="0"/>
      <line num="285" count="5" type="stmt"/>
      <line num="286" count="5" type="stmt"/>
      <line num="288" count="5" type="cond" truecount="2" falsecount="0"/>
      <line num="289" count="1" type="stmt"/>
      <line num="296" count="4" type="cond" truecount="2" falsecount="0"/>
      <line num="297" count="1" type="stmt"/>
      <line num="304" count="3" type="stmt"/>
      <line num="309" count="1" type="stmt"/>
      <line num="320" count="30" type="stmt"/>
      <line num="322" count="30" type="stmt"/>
      <line num="324" count="29" type="cond" truecount="2" falsecount="0"/>
      <line num="325" count="26" type="stmt"/>
      <line num="331" count="6" type="stmt"/>
      <line num="332" count="6" type="stmt"/>
      <line num="334" count="3" type="cond" truecount="2" falsecount="0"/>
      <line num="335" count="2" type="stmt"/>
      <line num="339" count="1" type="stmt"/>
      <line num="340" count="3" type="stmt"/>
      <line num="345" count="1" type="stmt"/>
      <line num="348" count="2" type="stmt"/>
      <line num="351" count="1" type="stmt"/>
      <line num="362" count="30" type="stmt"/>
      <line num="363" count="30" type="stmt"/>
      <line num="365" count="29" type="stmt"/>
      <line num="376" count="59" type="stmt"/>
      <line num="377" count="59" type="stmt"/>
      <line num="380" count="59" type="stmt"/>
      <line num="383" count="59" type="stmt"/>
      <line num="384" count="59" type="stmt"/>
      <line num="386" count="0" type="stmt"/>
      <line num="394" count="21" type="stmt"/>
      <line num="396" count="21" type="cond" truecount="1" falsecount="1"/>
      <line num="397" count="0" type="stmt"/>
      <line num="400" count="21" type="stmt"/>
      <line num="401" count="21" type="stmt"/>
      <line num="402" count="7" type="cond" truecount="1" falsecount="1"/>
      <line num="404" count="7" type="stmt"/>
      <line num="405" count="7" type="stmt"/>
      <line num="406" count="7" type="stmt"/>
      <line num="407" count="7" type="stmt"/>
      <line num="410" count="10" type="stmt"/>
      <line num="412" count="7" type="cond" truecount="2" falsecount="0"/>
      <line num="414" count="6" type="stmt"/>
      <line num="415" count="6" type="stmt"/>
      <line num="417" count="5" type="stmt"/>
      <line num="427" count="5" type="cond" truecount="5" falsecount="0"/>
      <line num="428" count="1" type="stmt"/>
      <line num="431" count="5" type="stmt"/>
      <line num="433" count="1" type="stmt"/>
      <line num="437" count="21" type="stmt"/>
      <line num="444" count="30" type="stmt"/>
      <line num="447" count="30" type="cond" truecount="2" falsecount="0"/>
      <line num="448" count="1" type="stmt"/>
      <line num="449" count="29" type="cond" truecount="1" falsecount="1"/>
      <line num="450" count="0" type="stmt"/>
      <line num="454" count="30" type="cond" truecount="2" falsecount="0"/>
      <line num="455" count="1" type="stmt"/>
      <line num="456" count="29" type="cond" truecount="2" falsecount="0"/>
      <line num="457" count="13" type="stmt"/>
      <line num="461" count="30" type="stmt"/>
      <line num="462" count="23" type="cond" truecount="1" falsecount="1"/>
      <line num="463" count="0" type="stmt"/>
      <line num="464" count="23" type="cond" truecount="2" falsecount="0"/>
      <line num="465" count="5" type="stmt"/>
      <line num="466" count="18" type="cond" truecount="1" falsecount="1"/>
      <line num="467" count="18" type="stmt"/>
      <line num="471" count="30" type="stmt"/>
    </file>
    <file name="incremental-analyzer.ts" path="/root/.openclaw/workspace/openclaw-pm/src/incremental-analyzer.ts">
      <metrics statements="116" coveredstatements="116" conditionals="47" coveredconditionals="39" methods="13" coveredmethods="13"/>
      <line num="1" count="1" type="stmt"/>
      <line num="2" count="1" type="stmt"/>
      <line num="3" count="1" type="stmt"/>
      <line num="37" count="1" type="stmt"/>
      <line num="41" count="12" type="stmt"/>
      <line num="42" count="12" type="stmt"/>
      <line num="49" count="12" type="cond" truecount="1" falsecount="1"/>
      <line num="50" count="12" type="stmt"/>
      <line num="58" count="34" type="stmt"/>
      <line num="59" count="34" type="stmt"/>
      <line num="66" count="17" type="stmt"/>
      <line num="68" count="17" type="cond" truecount="2" falsecount="0"/>
      <line num="69" count="11" type="stmt"/>
      <line num="72" count="6" type="stmt"/>
      <line num="73" count="6" type="stmt"/>
      <line num="74" count="6" type="stmt"/>
      <line num="76" count="1" type="stmt"/>
      <line num="84" count="16" type="stmt"/>
      <line num="85" count="16" type="stmt"/>
      <line num="92" count="11" type="stmt"/>
      <line num="112" count="13" type="stmt"/>
      <line num="113" count="13" type="stmt"/>
      <line num="121" count="13" type="stmt"/>
      <line num="122" count="13" type="cond" truecount="2" falsecount="0"/>
      <line num="123" count="10" type="stmt"/>
      <line num="127" count="13" type="cond" truecount="2" falsecount="0"/>
      <line num="128" count="1" type="stmt"/>
      <line num="132" count="13" type="stmt"/>
      <line num="133" count="13" type="stmt"/>
      <line num="134" count="13" type="stmt"/>
      <line num="136" count="13" type="cond" truecount="2" falsecount="0"/>
      <line num="137" count="1" type="stmt"/>
      <line num="138" count="1" type="stmt"/>
      <line num="147" count="12" type="stmt"/>
      <line num="148" count="12" type="stmt"/>
      <line num="149" count="12" type="stmt"/>
      <line num="151" count="12" type="stmt"/>
      <line num="152" count="12" type="stmt"/>
      <line num="155" count="12" type="stmt"/>
      <line num="156" count="12" type="stmt"/>
      <line num="157" count="12" type="stmt"/>
      <line num="158" count="12" type="stmt"/>
      <line num="160" count="12" type="stmt"/>
      <line num="161" count="34" type="cond" truecount="2" falsecount="0"/>
      <line num="164" count="22" type="stmt"/>
      <line num="165" count="22" type="cond" truecount="2" falsecount="0"/>
      <line num="166" count="8" type="stmt"/>
      <line num="170" count="22" type="cond" truecount="4" falsecount="0"/>
      <line num="171" count="2" type="stmt"/>
      <line num="172" count="2" type="stmt"/>
      <line num="175" count="22" type="cond" truecount="4" falsecount="0"/>
      <line num="176" count="2" type="stmt"/>
      <line num="180" count="22" type="cond" truecount="2" falsecount="0"/>
      <line num="181" count="1" type="stmt"/>
      <line num="182" count="1" type="stmt"/>
      <line num="186" count="22" type="cond" truecount="4" falsecount="0"/>
      <line num="187" count="1" type="stmt"/>
      <line num="188" count="1" type="stmt"/>
      <line num="191" count="22" type="cond" truecount="4" falsecount="0"/>
      <line num="192" count="2" type="stmt"/>
      <line num="193" count="2" type="stmt"/>
      <line num="198" count="12" type="stmt"/>
      <line num="199" count="12" type="stmt"/>
      <line num="200" count="12" type="stmt"/>
      <line num="201" count="12" type="stmt"/>
      <line num="203" count="12" type="stmt"/>
      <line num="205" count="12" type="stmt"/>
      <line num="218" count="1" type="stmt"/>
      <line num="219" count="1" type="cond" truecount="1" falsecount="1"/>
      <line num="220" count="1" type="stmt"/>
      <line num="228" count="1" type="stmt"/>
      <line num="229" count="1" type="stmt"/>
      <line num="231" count="1" type="stmt"/>
      <line num="232" count="2" type="cond" truecount="1" falsecount="1"/>
      <line num="234" count="2" type="stmt"/>
      <line num="235" count="2" type="stmt"/>
      <line num="236" count="2" type="stmt"/>
      <line num="237" count="2" type="stmt"/>
      <line num="243" count="1" type="stmt"/>
      <line num="250" count="2" type="stmt"/>
      <line num="251" count="2" type="stmt"/>
      <line num="252" count="2" type="stmt"/>
      <line num="254" count="2" type="stmt"/>
      <line num="255" count="2" type="cond" truecount="1" falsecount="1"/>
      <line num="257" count="2" type="stmt"/>
      <line num="258" count="2" type="stmt"/>
      <line num="259" count="2" type="stmt"/>
      <line num="260" count="2" type="stmt"/>
      <line num="262" count="1" type="cond" truecount="1" falsecount="1"/>
      <line num="263" count="1" type="stmt"/>
      <line num="264" count="1" type="stmt"/>
      <line num="268" count="1" type="stmt"/>
      <line num="269" count="1" type="stmt"/>
      <line num="273" count="2" type="stmt"/>
      <line num="285" count="2" type="stmt"/>
      <line num="286" count="2" type="stmt"/>
      <line num="287" count="2" type="stmt"/>
      <line num="288" count="2" type="stmt"/>
      <line num="289" count="2" type="stmt"/>
      <line num="290" count="2" type="stmt"/>
      <line num="292" count="2" type="stmt"/>
      <line num="293" count="4" type="cond" truecount="1" falsecount="1"/>
      <line num="295" count="4" type="stmt"/>
      <line num="296" count="4" type="stmt"/>
      <line num="297" count="4" type="stmt"/>
      <line num="299" count="4" type="stmt"/>
      <line num="300" count="4" type="stmt"/>
      <line num="301" count="4" type="stmt"/>
      <line num="303" count="3" type="cond" truecount="1" falsecount="1"/>
      <line num="304" count="3" type="stmt"/>
      <line num="305" count="3" type="stmt"/>
      <line num="308" count="3" type="cond" truecount="2" falsecount="0"/>
      <line num="309" count="2" type="stmt"/>
      <line num="310" count="2" type="stmt"/>
      <line num="317" count="2" type="stmt"/>
      <line num="318" count="4" type="stmt"/>
    </file>
    <file name="logger.ts" path="/root/.openclaw/workspace/openclaw-pm/src/logger.ts">
      <metrics statements="50" coveredstatements="40" conditionals="45" coveredconditionals="31" methods="9" coveredmethods="8"/>
      <line num="6" count="3" type="stmt"/>
      <line num="7" count="3" type="stmt"/>
      <line num="8" count="3" type="stmt"/>
      <line num="10" count="3" type="cond" truecount="2" falsecount="0"/>
      <line num="11" count="3" type="stmt"/>
      <line num="12" count="3" type="stmt"/>
      <line num="13" count="3" type="stmt"/>
      <line num="14" count="3" type="stmt"/>
      <line num="24" count="3" type="stmt"/>
      <line num="31" count="50" type="cond" truecount="2" falsecount="0"/>
      <line num="32" count="50" type="stmt"/>
      <line num="33" count="50" type="cond" truecount="2" falsecount="0"/>
      <line num="34" count="50" type="cond" truecount="2" falsecount="0"/>
      <line num="36" count="50" type="cond" truecount="4" falsecount="0"/>
      <line num="37" count="13" type="stmt"/>
      <line num="38" count="13" type="cond" truecount="1" falsecount="1"/>
      <line num="39" count="13" type="stmt"/>
      <line num="45" count="31" type="stmt"/>
      <line num="46" count="31" type="stmt"/>
      <line num="50" count="31" type="cond" truecount="4" falsecount="0"/>
      <line num="51" count="21" type="stmt"/>
      <line num="56" count="35" type="cond" truecount="2" falsecount="0"/>
      <line num="57" count="2" type="stmt"/>
      <line num="58" count="2" type="cond" truecount="1" falsecount="1"/>
      <line num="59" count="0" type="stmt"/>
      <line num="61" count="2" type="stmt"/>
      <line num="66" count="75" type="cond" truecount="2" falsecount="0"/>
      <line num="67" count="21" type="stmt"/>
      <line num="68" count="21" type="cond" truecount="2" falsecount="0"/>
      <line num="69" count="9" type="stmt"/>
      <line num="71" count="21" type="stmt"/>
      <line num="76" count="6" type="cond" truecount="2" falsecount="0"/>
      <line num="77" count="4" type="stmt"/>
      <line num="78" count="4" type="cond" truecount="1" falsecount="1"/>
      <line num="79" count="0" type="stmt"/>
      <line num="81" count="4" type="stmt"/>
      <line num="86" count="4" type="cond" truecount="1" falsecount="1"/>
      <line num="87" count="4" type="stmt"/>
      <line num="88" count="4" type="cond" truecount="1" falsecount="1"/>
      <line num="89" count="0" type="stmt"/>
      <line num="90" count="0" type="cond" truecount="0" falsecount="2"/>
      <line num="91" count="0" type="cond" truecount="0" falsecount="2"/>
      <line num="94" count="4" type="stmt"/>
      <line num="95" count="4" type="cond" truecount="1" falsecount="1"/>
      <line num="96" count="0" type="cond" truecount="0" falsecount="2"/>
      <line num="102" count="0" type="stmt"/>
      <line num="103" count="0" type="cond" truecount="0" falsecount="2"/>
      <line num="104" count="0" type="stmt"/>
      <line num="106" count="0" type="stmt"/>
      <line num="111" count="3" type="stmt"/>
    </file>
  </project>
</coverage>
