{"/root/.openclaw/workspace/openclaw-pm/src/cache-manager.ts": {"path":"/root/.openclaw/workspace/openclaw-pm/src/cache-manager.ts","statementMap":{"0":{"start":{"line":1,"column":0},"end":{"line":1,"column":25}},"1":{"start":{"line":2,"column":0},"end":{"line":2,"column":29}},"2":{"start":{"line":3,"column":0},"end":{"line":3,"column":33}},"3":{"start":{"line":24,"column":4},"end":{"line":24,"column":33}},"4":{"start":{"line":25,"column":4},"end":{"line":25,"column":59}},"5":{"start":{"line":26,"column":4},"end":{"line":26,"column":55}},"6":{"start":{"line":27,"column":4},"end":{"line":27,"column":26}},"7":{"start":{"line":34,"column":4},"end":{"line":36,"column":5}},"8":{"start":{"line":35,"column":6},"end":{"line":35,"column":60}},"9":{"start":{"line":43,"column":17},"end":{"line":43,"column":34}},"10":{"start":{"line":44,"column":4},"end":{"line":44,"column":57}},"11":{"start":{"line":51,"column":4},"end":{"line":51,"column":62}},"12":{"start":{"line":58,"column":4},"end":{"line":58,"column":40}},"13":{"start":{"line":65,"column":15},"end":{"line":65,"column":16}},"14":{"start":{"line":66,"column":4},"end":{"line":68,"column":5}},"15":{"start":{"line":67,"column":6},"end":{"line":67,"column":49}},"16":{"start":{"line":69,"column":4},"end":{"line":69,"column":16}},"17":{"start":{"line":76,"column":16},"end":{"line":76,"column":26}},"18":{"start":{"line":77,"column":4},"end":{"line":81,"column":5}},"19":{"start":{"line":78,"column":6},"end":{"line":80,"column":7}},"20":{"start":{"line":79,"column":8},"end":{"line":79,"column":37}},"21":{"start":{"line":88,"column":35},"end":{"line":88,"column":39}},"22":{"start":{"line":89,"column":21},"end":{"line":89,"column":29}},"23":{"start":{"line":91,"column":4},"end":{"line":96,"column":5}},"24":{"start":{"line":92,"column":6},"end":{"line":95,"column":7}},"25":{"start":{"line":93,"column":8},"end":{"line":93,"column":37}},"26":{"start":{"line":94,"column":8},"end":{"line":94,"column":24}},"27":{"start":{"line":98,"column":4},"end":{"line":100,"column":5}},"28":{"start":{"line":99,"column":6},"end":{"line":99,"column":41}},"29":{"start":{"line":108,"column":24},"end":{"line":108,"column":49}},"30":{"start":{"line":109,"column":4},"end":{"line":111,"column":5}},"31":{"start":{"line":110,"column":6},"end":{"line":110,"column":36}},"32":{"start":{"line":114,"column":21},"end":{"line":114,"column":47}},"33":{"start":{"line":115,"column":4},"end":{"line":132,"column":5}},"34":{"start":{"line":116,"column":6},"end":{"line":131,"column":7}},"35":{"start":{"line":117,"column":24},"end":{"line":117,"column":58}},"36":{"start":{"line":118,"column":37},"end":{"line":118,"column":56}},"37":{"start":{"line":120,"column":8},"end":{"line":127,"column":9}},"38":{"start":{"line":122,"column":10},"end":{"line":122,"column":43}},"39":{"start":{"line":123,"column":10},"end":{"line":123,"column":29}},"40":{"start":{"line":126,"column":10},"end":{"line":126,"column":34}},"41":{"start":{"line":130,"column":8},"end":{"line":130,"column":32}},"42":{"start":{"line":134,"column":4},"end":{"line":134,"column":16}},"43":{"start":{"line":141,"column":33},"end":{"line":146,"column":6}},"44":{"start":{"line":149,"column":4},"end":{"line":149,"column":37}},"45":{"start":{"line":152,"column":4},"end":{"line":157,"column":5}},"46":{"start":{"line":153,"column":6},"end":{"line":153,"column":32}},"47":{"start":{"line":154,"column":6},"end":{"line":156,"column":7}},"48":{"start":{"line":155,"column":8},"end":{"line":155,"column":27}},"49":{"start":{"line":160,"column":21},"end":{"line":160,"column":47}},"50":{"start":{"line":161,"column":4},"end":{"line":165,"column":5}},"51":{"start":{"line":162,"column":6},"end":{"line":162,"column":56}},"52":{"start":{"line":173,"column":4},"end":{"line":173,"column":33}},"53":{"start":{"line":176,"column":21},"end":{"line":176,"column":47}},"54":{"start":{"line":177,"column":4},"end":{"line":179,"column":5}},"55":{"start":{"line":178,"column":6},"end":{"line":178,"column":30}},"56":{"start":{"line":187,"column":4},"end":{"line":187,"column":29}},"57":{"start":{"line":190,"column":18},"end":{"line":190,"column":52}},"58":{"start":{"line":191,"column":4},"end":{"line":195,"column":5}},"59":{"start":{"line":192,"column":6},"end":{"line":194,"column":7}},"60":{"start":{"line":193,"column":8},"end":{"line":193,"column":59}},"61":{"start":{"line":202,"column":23},"end":{"line":202,"column":24}},"62":{"start":{"line":203,"column":18},"end":{"line":203,"column":37}},"63":{"start":{"line":206,"column":4},"end":{"line":211,"column":5}},"64":{"start":{"line":207,"column":6},"end":{"line":210,"column":7}},"65":{"start":{"line":208,"column":8},"end":{"line":208,"column":37}},"66":{"start":{"line":209,"column":8},"end":{"line":209,"column":23}},"67":{"start":{"line":214,"column":18},"end":{"line":214,"column":52}},"68":{"start":{"line":215,"column":4},"end":{"line":231,"column":5}},"69":{"start":{"line":216,"column":6},"end":{"line":216,"column":44}},"70":{"start":{"line":216,"column":35},"end":{"line":216,"column":44}},"71":{"start":{"line":218,"column":23},"end":{"line":218,"column":58}},"72":{"start":{"line":219,"column":6},"end":{"line":230,"column":7}},"73":{"start":{"line":220,"column":24},"end":{"line":220,"column":58}},"74":{"start":{"line":221,"column":39},"end":{"line":221,"column":58}},"75":{"start":{"line":223,"column":8},"end":{"line":226,"column":9}},"76":{"start":{"line":224,"column":10},"end":{"line":224,"column":34}},"77":{"start":{"line":225,"column":10},"end":{"line":225,"column":25}},"78":{"start":{"line":229,"column":8},"end":{"line":229,"column":32}},"79":{"start":{"line":233,"column":4},"end":{"line":233,"column":24}},"80":{"start":{"line":240,"column":23},"end":{"line":240,"column":24}},"81":{"start":{"line":241,"column":16},"end":{"line":241,"column":26}},"82":{"start":{"line":244,"column":4},"end":{"line":249,"column":5}},"83":{"start":{"line":245,"column":6},"end":{"line":248,"column":7}},"84":{"start":{"line":246,"column":8},"end":{"line":246,"column":37}},"85":{"start":{"line":247,"column":8},"end":{"line":247,"column":23}},"86":{"start":{"line":252,"column":18},"end":{"line":252,"column":52}},"87":{"start":{"line":253,"column":4},"end":{"line":270,"column":5}},"88":{"start":{"line":254,"column":6},"end":{"line":254,"column":44}},"89":{"start":{"line":254,"column":35},"end":{"line":254,"column":44}},"90":{"start":{"line":256,"column":23},"end":{"line":256,"column":58}},"91":{"start":{"line":257,"column":6},"end":{"line":269,"column":7}},"92":{"start":{"line":258,"column":24},"end":{"line":258,"column":58}},"93":{"start":{"line":259,"column":39},"end":{"line":259,"column":58}},"94":{"start":{"line":261,"column":8},"end":{"line":264,"column":9}},"95":{"start":{"line":262,"column":10},"end":{"line":262,"column":34}},"96":{"start":{"line":263,"column":10},"end":{"line":263,"column":25}},"97":{"start":{"line":267,"column":8},"end":{"line":267,"column":32}},"98":{"start":{"line":268,"column":8},"end":{"line":268,"column":23}},"99":{"start":{"line":272,"column":4},"end":{"line":272,"column":24}},"100":{"start":{"line":284,"column":26},"end":{"line":284,"column":47}},"101":{"start":{"line":285,"column":28},"end":{"line":285,"column":53}},"102":{"start":{"line":287,"column":18},"end":{"line":287,"column":52}},"103":{"start":{"line":288,"column":22},"end":{"line":288,"column":23}},"104":{"start":{"line":289,"column":24},"end":{"line":289,"column":25}},"105":{"start":{"line":291,"column":4},"end":{"line":298,"column":5}},"106":{"start":{"line":292,"column":6},"end":{"line":292,"column":44}},"107":{"start":{"line":292,"column":35},"end":{"line":292,"column":44}},"108":{"start":{"line":294,"column":6},"end":{"line":294,"column":20}},"109":{"start":{"line":295,"column":23},"end":{"line":295,"column":58}},"110":{"start":{"line":296,"column":19},"end":{"line":296,"column":40}},"111":{"start":{"line":297,"column":6},"end":{"line":297,"column":33}},"112":{"start":{"line":300,"column":4},"end":{"line":305,"column":6}},"113":{"start":{"line":18,"column":0},"end":{"line":18,"column":13}}},"fnMap":{"0":{"name":"(anonymous_9)","decl":{"start":{"line":23,"column":2},"end":{"line":23,"column":14}},"loc":{"start":{"line":23,"column":60},"end":{"line":28,"column":3}}},"1":{"name":"(anonymous_10)","decl":{"start":{"line":33,"column":10},"end":{"line":33,"column":24}},"loc":{"start":{"line":33,"column":24},"end":{"line":37,"column":3}}},"2":{"name":"(anonymous_11)","decl":{"start":{"line":42,"column":10},"end":{"line":42,"column":26}},"loc":{"start":{"line":42,"column":38},"end":{"line":45,"column":3}}},"3":{"name":"(anonymous_12)","decl":{"start":{"line":50,"column":10},"end":{"line":50,"column":17}},"loc":{"start":{"line":50,"column":29},"end":{"line":52,"column":3}}},"4":{"name":"(anonymous_13)","decl":{"start":{"line":57,"column":10},"end":{"line":57,"column":19}},"loc":{"start":{"line":57,"column":42},"end":{"line":59,"column":3}}},"5":{"name":"(anonymous_14)","decl":{"start":{"line":64,"column":10},"end":{"line":64,"column":28}},"loc":{"start":{"line":64,"column":28},"end":{"line":70,"column":3}}},"6":{"name":"(anonymous_15)","decl":{"start":{"line":75,"column":10},"end":{"line":75,"column":28}},"loc":{"start":{"line":75,"column":28},"end":{"line":82,"column":3}}},"7":{"name":"(anonymous_16)","decl":{"start":{"line":87,"column":10},"end":{"line":87,"column":21}},"loc":{"start":{"line":87,"column":21},"end":{"line":101,"column":3}}},"8":{"name":"(anonymous_17)","decl":{"start":{"line":106,"column":2},"end":{"line":106,"column":5}},"loc":{"start":{"line":106,"column":20},"end":{"line":135,"column":3}}},"9":{"name":"(anonymous_18)","decl":{"start":{"line":140,"column":2},"end":{"line":140,"column":5}},"loc":{"start":{"line":140,"column":50},"end":{"line":166,"column":3}}},"10":{"name":"(anonymous_19)","decl":{"start":{"line":171,"column":2},"end":{"line":171,"column":8}},"loc":{"start":{"line":171,"column":20},"end":{"line":180,"column":3}}},"11":{"name":"(anonymous_20)","decl":{"start":{"line":185,"column":2},"end":{"line":185,"column":7}},"loc":{"start":{"line":185,"column":7},"end":{"line":196,"column":3}}},"12":{"name":"(anonymous_21)","decl":{"start":{"line":201,"column":2},"end":{"line":201,"column":12}},"loc":{"start":{"line":201,"column":28},"end":{"line":234,"column":3}}},"13":{"name":"(anonymous_22)","decl":{"start":{"line":239,"column":2},"end":{"line":239,"column":9}},"loc":{"start":{"line":239,"column":9},"end":{"line":273,"column":3}}},"14":{"name":"(anonymous_23)","decl":{"start":{"line":278,"column":2},"end":{"line":278,"column":10}},"loc":{"start":{"line":278,"column":10},"end":{"line":306,"column":3}}}},"branchMap":{"0":{"loc":{"start":{"line":23,"column":32},"end":{"line":23,"column":60}},"type":"default-arg","locations":[{"start":{"line":23,"column":58},"end":{"line":23,"column":60}}]},"1":{"loc":{"start":{"line":34,"column":4},"end":{"line":36,"column":5}},"type":"if","locations":[{"start":{"line":34,"column":4},"end":{"line":36,"column":5}},{"start":{},"end":{}}]},"2":{"loc":{"start":{"line":78,"column":6},"end":{"line":80,"column":7}},"type":"if","locations":[{"start":{"line":78,"column":6},"end":{"line":80,"column":7}},{"start":{},"end":{}}]},"3":{"loc":{"start":{"line":92,"column":6},"end":{"line":95,"column":7}},"type":"if","locations":[{"start":{"line":92,"column":6},"end":{"line":95,"column":7}},{"start":{},"end":{}}]},"4":{"loc":{"start":{"line":98,"column":4},"end":{"line":100,"column":5}},"type":"if","locations":[{"start":{"line":98,"column":4},"end":{"line":100,"column":5}},{"start":{},"end":{}}]},"5":{"loc":{"start":{"line":109,"column":4},"end":{"line":111,"column":5}},"type":"if","locations":[{"start":{"line":109,"column":4},"end":{"line":111,"column":5}},{"start":{},"end":{}}]},"6":{"loc":{"start":{"line":109,"column":8},"end":{"line":109,"column":51}},"type":"binary-expr","locations":[{"start":{"line":109,"column":8},"end":{"line":109,"column":19}},{"start":{"line":109,"column":23},"end":{"line":109,"column":51}}]},"7":{"loc":{"start":{"line":115,"column":4},"end":{"line":132,"column":5}},"type":"if","locations":[{"start":{"line":115,"column":4},"end":{"line":132,"column":5}},{"start":{},"end":{}}]},"8":{"loc":{"start":{"line":120,"column":8},"end":{"line":127,"column":9}},"type":"if","locations":[{"start":{"line":120,"column":8},"end":{"line":127,"column":9}},{"start":{"line":124,"column":15},"end":{"line":127,"column":9}}]},"9":{"loc":{"start":{"line":152,"column":4},"end":{"line":157,"column":5}},"type":"if","locations":[{"start":{"line":152,"column":4},"end":{"line":157,"column":5}},{"start":{},"end":{}}]},"10":{"loc":{"start":{"line":154,"column":6},"end":{"line":156,"column":7}},"type":"if","locations":[{"start":{"line":154,"column":6},"end":{"line":156,"column":7}},{"start":{},"end":{}}]},"11":{"loc":{"start":{"line":177,"column":4},"end":{"line":179,"column":5}},"type":"if","locations":[{"start":{"line":177,"column":4},"end":{"line":179,"column":5}},{"start":{},"end":{}}]},"12":{"loc":{"start":{"line":192,"column":6},"end":{"line":194,"column":7}},"type":"if","locations":[{"start":{"line":192,"column":6},"end":{"line":194,"column":7}},{"start":{},"end":{}}]},"13":{"loc":{"start":{"line":207,"column":6},"end":{"line":210,"column":7}},"type":"if","locations":[{"start":{"line":207,"column":6},"end":{"line":210,"column":7}},{"start":{},"end":{}}]},"14":{"loc":{"start":{"line":216,"column":6},"end":{"line":216,"column":44}},"type":"if","locations":[{"start":{"line":216,"column":6},"end":{"line":216,"column":44}},{"start":{},"end":{}}]},"15":{"loc":{"start":{"line":223,"column":8},"end":{"line":226,"column":9}},"type":"if","locations":[{"start":{"line":223,"column":8},"end":{"line":226,"column":9}},{"start":{},"end":{}}]},"16":{"loc":{"start":{"line":245,"column":6},"end":{"line":248,"column":7}},"type":"if","locations":[{"start":{"line":245,"column":6},"end":{"line":248,"column":7}},{"start":{},"end":{}}]},"17":{"loc":{"start":{"line":254,"column":6},"end":{"line":254,"column":44}},"type":"if","locations":[{"start":{"line":254,"column":6},"end":{"line":254,"column":44}},{"start":{},"end":{}}]},"18":{"loc":{"start":{"line":261,"column":8},"end":{"line":264,"column":9}},"type":"if","locations":[{"start":{"line":261,"column":8},"end":{"line":264,"column":9}},{"start":{},"end":{}}]},"19":{"loc":{"start":{"line":292,"column":6},"end":{"line":292,"column":44}},"type":"if","locations":[{"start":{"line":292,"column":6},"end":{"line":292,"column":44}},{"start":{},"end":{}}]}},"s":{"0":1,"1":1,"2":1,"3":8,"4":8,"5":8,"6":8,"7":8,"8":8,"9":21,"10":21,"11":21,"12":6,"13":13,"14":13,"15":20,"16":13,"17":0,"18":0,"19":0,"20":0,"21":0,"22":0,"23":0,"24":0,"25":0,"26":0,"27":0,"28":0,"29":12,"30":12,"31":4,"32":8,"33":8,"34":1,"35":1,"36":1,"37":1,"38":0,"39":0,"40":1,"41":0,"42":8,"43":12,"44":12,"45":12,"46":0,"47":0,"48":0,"49":12,"50":12,"51":12,"52":1,"53":1,"54":1,"55":1,"56":1,"57":1,"58":1,"59":2,"60":2,"61":1,"62":1,"63":1,"64":3,"65":2,"66":2,"67":1,"68":1,"69":3,"70":0,"71":3,"72":3,"73":3,"74":3,"75":3,"76":2,"77":2,"78":0,"79":1,"80":1,"81":1,"82":1,"83":2,"84":1,"85":1,"86":1,"87":1,"88":2,"89":0,"90":2,"91":2,"92":2,"93":2,"94":2,"95":1,"96":1,"97":0,"98":0,"99":1,"100":1,"101":1,"102":1,"103":1,"104":1,"105":1,"106":2,"107":0,"108":2,"109":2,"110":2,"111":2,"112":1,"113":1},"f":{"0":8,"1":8,"2":21,"3":21,"4":6,"5":13,"6":0,"7":0,"8":12,"9":12,"10":1,"11":1,"12":1,"13":1,"14":1},"b":{"0":[8],"1":[8,0],"2":[0,0],"3":[0,0],"4":[0,0],"5":[4,8],"6":[12,5],"7":[1,7],"8":[0,1],"9":[0,12],"10":[0,0],"11":[1,0],"12":[2,0],"13":[2,1],"14":[0,3],"15":[2,1],"16":[1,1],"17":[0,2],"18":[1,1],"19":[0,2]}}
,"/root/.openclaw/workspace/openclaw-pm/src/config.ts": {"path":"/root/.openclaw/workspace/openclaw-pm/src/config.ts","statementMap":{"0":{"start":{"line":6,"column":0},"end":{"line":6,"column":25}},"1":{"start":{"line":7,"column":0},"end":{"line":7,"column":29}},"2":{"start":{"line":8,"column":0},"end":{"line":8,"column":25}},"3":{"start":{"line":45,"column":10},"end":{"line":45,"column":47}},"4":{"start":{"line":48,"column":4},"end":{"line":48,"column":64}},"5":{"start":{"line":52,"column":24},"end":{"line":52,"column":88}},"6":{"start":{"line":53,"column":4},"end":{"line":53,"column":52}},"7":{"start":{"line":60,"column":4},"end":{"line":62,"column":5}},"8":{"start":{"line":61,"column":6},"end":{"line":61,"column":25}},"9":{"start":{"line":64,"column":4},"end":{"line":66,"column":5}},"10":{"start":{"line":65,"column":6},"end":{"line":65,"column":53}},"11":{"start":{"line":68,"column":20},"end":{"line":68,"column":61}},"12":{"start":{"line":69,"column":4},"end":{"line":69,"column":38}},"13":{"start":{"line":70,"column":4},"end":{"line":70,"column":24}},"14":{"start":{"line":77,"column":16},"end":{"line":77,"column":45}},"15":{"start":{"line":78,"column":4},"end":{"line":80,"column":5}},"16":{"start":{"line":79,"column":6},"end":{"line":79,"column":45}},"17":{"start":{"line":82,"column":4},"end":{"line":82,"column":80}},"18":{"start":{"line":83,"column":4},"end":{"line":83,"column":25}},"19":{"start":{"line":90,"column":19},"end":{"line":90,"column":30}},"20":{"start":{"line":91,"column":17},"end":{"line":91,"column":31}},"21":{"start":{"line":92,"column":21},"end":{"line":92,"column":27}},"22":{"start":{"line":94,"column":4},"end":{"line":100,"column":5}},"23":{"start":{"line":95,"column":6},"end":{"line":99,"column":7}},"24":{"start":{"line":96,"column":8},"end":{"line":96,"column":25}},"25":{"start":{"line":98,"column":8},"end":{"line":98,"column":33}},"26":{"start":{"line":102,"column":4},"end":{"line":102,"column":22}},"27":{"start":{"line":109,"column":19},"end":{"line":109,"column":30}},"28":{"start":{"line":110,"column":17},"end":{"line":110,"column":31}},"29":{"start":{"line":111,"column":22},"end":{"line":111,"column":28}},"30":{"start":{"line":113,"column":4},"end":{"line":119,"column":5}},"31":{"start":{"line":113,"column":17},"end":{"line":113,"column":18}},"32":{"start":{"line":114,"column":16},"end":{"line":114,"column":23}},"33":{"start":{"line":115,"column":6},"end":{"line":117,"column":7}},"34":{"start":{"line":116,"column":8},"end":{"line":116,"column":23}},"35":{"start":{"line":118,"column":6},"end":{"line":118,"column":25}},"36":{"start":{"line":121,"column":4},"end":{"line":121,"column":42}},"37":{"start":{"line":122,"column":4},"end":{"line":122,"column":22}},"38":{"start":{"line":129,"column":4},"end":{"line":129,"column":23}},"39":{"start":{"line":136,"column":24},"end":{"line":136,"column":88}},"40":{"start":{"line":138,"column":42},"end":{"line":181,"column":6}},"41":{"start":{"line":183,"column":16},"end":{"line":183,"column":40}},"42":{"start":{"line":184,"column":4},"end":{"line":186,"column":5}},"43":{"start":{"line":185,"column":6},"end":{"line":185,"column":45}},"44":{"start":{"line":188,"column":4},"end":{"line":188,"column":82}},"45":{"start":{"line":189,"column":4},"end":{"line":189,"column":25}},"46":{"start":{"line":43,"column":0},"end":{"line":43,"column":13}}},"fnMap":{"0":{"name":"(anonymous_9)","decl":{"start":{"line":47,"column":2},"end":{"line":47,"column":14}},"loc":{"start":{"line":47,"column":33},"end":{"line":49,"column":3}}},"1":{"name":"(anonymous_10)","decl":{"start":{"line":51,"column":10},"end":{"line":51,"column":30}},"loc":{"start":{"line":51,"column":30},"end":{"line":54,"column":3}}},"2":{"name":"(anonymous_11)","decl":{"start":{"line":59,"column":2},"end":{"line":59,"column":6}},"loc":{"start":{"line":59,"column":6},"end":{"line":71,"column":3}}},"3":{"name":"(anonymous_12)","decl":{"start":{"line":76,"column":2},"end":{"line":76,"column":6}},"loc":{"start":{"line":76,"column":29},"end":{"line":84,"column":3}}},"4":{"name":"(anonymous_13)","decl":{"start":{"line":89,"column":2},"end":{"line":89,"column":5}},"loc":{"start":{"line":89,"column":38},"end":{"line":103,"column":3}}},"5":{"name":"(anonymous_14)","decl":{"start":{"line":108,"column":2},"end":{"line":108,"column":5}},"loc":{"start":{"line":108,"column":29},"end":{"line":123,"column":3}}},"6":{"name":"(anonymous_15)","decl":{"start":{"line":128,"column":2},"end":{"line":128,"column":8}},"loc":{"start":{"line":128,"column":8},"end":{"line":130,"column":3}}},"7":{"name":"(anonymous_16)","decl":{"start":{"line":135,"column":2},"end":{"line":135,"column":8}},"loc":{"start":{"line":135,"column":41},"end":{"line":190,"column":3}}}},"branchMap":{"0":{"loc":{"start":{"line":48,"column":22},"end":{"line":48,"column":63}},"type":"binary-expr","locations":[{"start":{"line":48,"column":22},"end":{"line":48,"column":32}},{"start":{"line":48,"column":36},"end":{"line":48,"column":63}}]},"1":{"loc":{"start":{"line":52,"column":24},"end":{"line":52,"column":88}},"type":"binary-expr","locations":[{"start":{"line":52,"column":24},"end":{"line":52,"column":48}},{"start":{"line":52,"column":52},"end":{"line":52,"column":88}}]},"2":{"loc":{"start":{"line":60,"column":4},"end":{"line":62,"column":5}},"type":"if","locations":[{"start":{"line":60,"column":4},"end":{"line":62,"column":5}},{"start":{},"end":{}}]},"3":{"loc":{"start":{"line":64,"column":4},"end":{"line":66,"column":5}},"type":"if","locations":[{"start":{"line":64,"column":4},"end":{"line":66,"column":5}},{"start":{},"end":{}}]},"4":{"loc":{"start":{"line":78,"column":4},"end":{"line":80,"column":5}},"type":"if","locations":[{"start":{"line":78,"column":4},"end":{"line":80,"column":5}},{"start":{},"end":{}}]},"5":{"loc":{"start":{"line":95,"column":6},"end":{"line":99,"column":7}},"type":"if","locations":[{"start":{"line":95,"column":6},"end":{"line":99,"column":7}},{"start":{"line":97,"column":13},"end":{"line":99,"column":7}}]},"6":{"loc":{"start":{"line":95,"column":10},"end":{"line":95,"column":58}},"type":"binary-expr","locations":[{"start":{"line":95,"column":10},"end":{"line":95,"column":15}},{"start":{"line":95,"column":19},"end":{"line":95,"column":44}},{"start":{"line":95,"column":48},"end":{"line":95,"column":58}}]},"7":{"loc":{"start":{"line":115,"column":6},"end":{"line":117,"column":7}},"type":"if","locations":[{"start":{"line":115,"column":6},"end":{"line":117,"column":7}},{"start":{},"end":{}}]},"8":{"loc":{"start":{"line":136,"column":24},"end":{"line":136,"column":88}},"type":"binary-expr","locations":[{"start":{"line":136,"column":24},"end":{"line":136,"column":48}},{"start":{"line":136,"column":52},"end":{"line":136,"column":88}}]},"9":{"loc":{"start":{"line":184,"column":4},"end":{"line":186,"column":5}},"type":"if","locations":[{"start":{"line":184,"column":4},"end":{"line":186,"column":5}},{"start":{},"end":{}}]}},"s":{"0":3,"1":3,"2":3,"3":42,"4":42,"5":0,"6":0,"7":196,"8":151,"9":45,"10":5,"11":40,"12":40,"13":40,"14":7,"15":7,"16":0,"17":7,"18":7,"19":188,"20":183,"21":183,"22":183,"23":335,"24":329,"25":6,"26":177,"27":6,"28":6,"29":6,"30":6,"31":6,"32":4,"33":4,"34":2,"35":4,"36":6,"37":6,"38":2,"39":0,"40":0,"41":0,"42":0,"43":0,"44":0,"45":0,"46":3},"f":{"0":42,"1":0,"2":196,"3":7,"4":188,"5":6,"6":2,"7":0},"b":{"0":[42,0],"1":[0,0],"2":[151,45],"3":[5,40],"4":[0,7],"5":[329,6],"6":[335,335,335],"7":[2,2],"8":[0,0],"9":[0,0]}}
,"/root/.openclaw/workspace/openclaw-pm/src/health-checker.ts": {"path":"/root/.openclaw/workspace/openclaw-pm/src/health-checker.ts","statementMap":{"0":{"start":{"line":6,"column":0},"end":{"line":6,"column":25}},"1":{"start":{"line":7,"column":0},"end":{"line":7,"column":29}},"2":{"start":{"line":8,"column":0},"end":{"line":8,"column":47}},"3":{"start":{"line":18,"column":4},"end":{"line":18,"column":25}},"4":{"start":{"line":19,"column":4},"end":{"line":19,"column":25}},"5":{"start":{"line":26,"column":4},"end":{"line":26,"column":43}},"6":{"start":{"line":28,"column":22},"end":{"line":28,"column":32}},"7":{"start":{"line":31,"column":56},"end":{"line":37,"column":6}},"8":{"start":{"line":39,"column":19},"end":{"line":39,"column":64}},"9":{"start":{"line":40,"column":22},"end":{"line":40,"column":44}},"10":{"start":{"line":41,"column":4},"end":{"line":41,"column":46}},"11":{"start":{"line":43,"column":34},"end":{"line":43,"column":36}},"12":{"start":{"line":46,"column":4},"end":{"line":62,"column":5}},"13":{"start":{"line":47,"column":6},"end":{"line":61,"column":7}},"14":{"start":{"line":48,"column":8},"end":{"line":53,"column":11}},"15":{"start":{"line":54,"column":13},"end":{"line":61,"column":7}},"16":{"start":{"line":55,"column":8},"end":{"line":60,"column":11}},"17":{"start":{"line":65,"column":18},"end":{"line":65,"column":59}},"18":{"start":{"line":68,"column":53},"end":{"line":68,"column":62}},"19":{"start":{"line":69,"column":4},"end":{"line":73,"column":5}},"20":{"start":{"line":70,"column":6},"end":{"line":70,"column":26}},"21":{"start":{"line":71,"column":11},"end":{"line":73,"column":5}},"22":{"start":{"line":72,"column":6},"end":{"line":72,"column":25}},"23":{"start":{"line":75,"column":38},"end":{"line":81,"column":6}},"24":{"start":{"line":83,"column":4},"end":{"line":83,"column":61}},"25":{"start":{"line":84,"column":4},"end":{"line":84,"column":18}},"26":{"start":{"line":91,"column":4},"end":{"line":122,"column":5}},"27":{"start":{"line":92,"column":21},"end":{"line":92,"column":50}},"28":{"start":{"line":94,"column":6},"end":{"line":100,"column":7}},"29":{"start":{"line":95,"column":8},"end":{"line":99,"column":10}},"30":{"start":{"line":103,"column":24},"end":{"line":103,"column":50}},"31":{"start":{"line":104,"column":6},"end":{"line":110,"column":7}},"32":{"start":{"line":105,"column":8},"end":{"line":109,"column":10}},"33":{"start":{"line":112,"column":6},"end":{"line":116,"column":8}},"34":{"start":{"line":118,"column":6},"end":{"line":121,"column":8}},"35":{"start":{"line":129,"column":4},"end":{"line":180,"column":5}},"36":{"start":{"line":131,"column":8},"end":{"line":132,"column":70}},"37":{"start":{"line":134,"column":6},"end":{"line":139,"column":7}},"38":{"start":{"line":135,"column":8},"end":{"line":138,"column":10}},"39":{"start":{"line":141,"column":23},"end":{"line":141,"column":52}},"40":{"start":{"line":142,"column":31},"end":{"line":142,"column":33}},"41":{"start":{"line":145,"column":27},"end":{"line":145,"column":79}},"42":{"start":{"line":145,"column":50},"end":{"line":145,"column":78}},"43":{"start":{"line":146,"column":6},"end":{"line":148,"column":7}},"44":{"start":{"line":147,"column":8},"end":{"line":147,"column":70}},"45":{"start":{"line":151,"column":21},"end":{"line":151,"column":66}},"46":{"start":{"line":151,"column":44},"end":{"line":151,"column":65}},"47":{"start":{"line":152,"column":6},"end":{"line":154,"column":7}},"48":{"start":{"line":153,"column":8},"end":{"line":153,"column":57}},"49":{"start":{"line":157,"column":25},"end":{"line":157,"column":64}},"50":{"start":{"line":157,"column":48},"end":{"line":157,"column":63}},"51":{"start":{"line":158,"column":6},"end":{"line":160,"column":7}},"52":{"start":{"line":159,"column":8},"end":{"line":159,"column":51}},"53":{"start":{"line":162,"column":6},"end":{"line":168,"column":7}},"54":{"start":{"line":163,"column":8},"end":{"line":167,"column":10}},"55":{"start":{"line":170,"column":6},"end":{"line":174,"column":8}},"56":{"start":{"line":176,"column":6},"end":{"line":179,"column":8}},"57":{"start":{"line":187,"column":4},"end":{"line":238,"column":5}},"58":{"start":{"line":188,"column":26},"end":{"line":188,"column":65}},"59":{"start":{"line":189,"column":23},"end":{"line":189,"column":54}},"60":{"start":{"line":191,"column":6},"end":{"line":196,"column":7}},"61":{"start":{"line":192,"column":8},"end":{"line":195,"column":10}},"62":{"start":{"line":198,"column":25},"end":{"line":198,"column":84}},"63":{"start":{"line":198,"column":64},"end":{"line":198,"column":83}},"64":{"start":{"line":200,"column":6},"end":{"line":205,"column":7}},"65":{"start":{"line":201,"column":8},"end":{"line":204,"column":10}},"66":{"start":{"line":207,"column":26},"end":{"line":207,"column":88}},"67":{"start":{"line":208,"column":29},"end":{"line":208,"column":70}},"68":{"start":{"line":209,"column":23},"end":{"line":209,"column":24}},"69":{"start":{"line":211,"column":6},"end":{"line":218,"column":7}},"70":{"start":{"line":212,"column":25},"end":{"line":212,"column":50}},"71":{"start":{"line":213,"column":22},"end":{"line":213,"column":43}},"72":{"start":{"line":215,"column":8},"end":{"line":217,"column":9}},"73":{"start":{"line":216,"column":10},"end":{"line":216,"column":23}},"74":{"start":{"line":220,"column":6},"end":{"line":226,"column":7}},"75":{"start":{"line":221,"column":8},"end":{"line":225,"column":10}},"76":{"start":{"line":228,"column":6},"end":{"line":232,"column":8}},"77":{"start":{"line":234,"column":6},"end":{"line":237,"column":8}},"78":{"start":{"line":245,"column":4},"end":{"line":313,"column":5}},"79":{"start":{"line":246,"column":26},"end":{"line":246,"column":65}},"80":{"start":{"line":247,"column":22},"end":{"line":247,"column":52}},"81":{"start":{"line":248,"column":25},"end":{"line":248,"column":58}},"82":{"start":{"line":250,"column":6},"end":{"line":255,"column":7}},"83":{"start":{"line":251,"column":8},"end":{"line":254,"column":10}},"84":{"start":{"line":258,"column":25},"end":{"line":260,"column":15}},"85":{"start":{"line":263,"column":28},"end":{"line":269,"column":8}},"86":{"start":{"line":271,"column":48},"end":{"line":271,"column":50}},"87":{"start":{"line":272,"column":20},"end":{"line":272,"column":42}},"88":{"start":{"line":274,"column":6},"end":{"line":283,"column":7}},"89":{"start":{"line":275,"column":8},"end":{"line":282,"column":9}},"90":{"start":{"line":276,"column":10},"end":{"line":281,"column":11}},"91":{"start":{"line":278,"column":34},"end":{"line":278,"column":71}},"92":{"start":{"line":279,"column":29},"end":{"line":279,"column":73}},"93":{"start":{"line":280,"column":12},"end":{"line":280,"column":59}},"94":{"start":{"line":285,"column":26},"end":{"line":285,"column":74}},"95":{"start":{"line":285,"column":65},"end":{"line":285,"column":70}},"96":{"start":{"line":286,"column":24},"end":{"line":286,"column":92}},"97":{"start":{"line":288,"column":6},"end":{"line":294,"column":7}},"98":{"start":{"line":289,"column":8},"end":{"line":293,"column":10}},"99":{"start":{"line":296,"column":6},"end":{"line":302,"column":7}},"100":{"start":{"line":297,"column":8},"end":{"line":301,"column":10}},"101":{"start":{"line":304,"column":6},"end":{"line":307,"column":8}},"102":{"start":{"line":309,"column":6},"end":{"line":312,"column":8}},"103":{"start":{"line":320,"column":4},"end":{"line":355,"column":5}},"104":{"start":{"line":322,"column":24},"end":{"line":322,"column":64}},"105":{"start":{"line":324,"column":6},"end":{"line":329,"column":7}},"106":{"start":{"line":325,"column":8},"end":{"line":328,"column":10}},"107":{"start":{"line":331,"column":28},"end":{"line":331,"column":69}},"108":{"start":{"line":331,"column":55},"end":{"line":331,"column":68}},"109":{"start":{"line":332,"column":27},"end":{"line":332,"column":67}},"110":{"start":{"line":332,"column":54},"end":{"line":332,"column":66}},"111":{"start":{"line":334,"column":6},"end":{"line":343,"column":7}},"112":{"start":{"line":335,"column":8},"end":{"line":342,"column":10}},"113":{"start":{"line":339,"column":45},"end":{"line":339,"column":51}},"114":{"start":{"line":340,"column":47},"end":{"line":340,"column":53}},"115":{"start":{"line":345,"column":6},"end":{"line":349,"column":8}},"116":{"start":{"line":348,"column":47},"end":{"line":348,"column":53}},"117":{"start":{"line":351,"column":6},"end":{"line":354,"column":8}},"118":{"start":{"line":362,"column":22},"end":{"line":362,"column":48}},"119":{"start":{"line":363,"column":17},"end":{"line":363,"column":71}},"120":{"start":{"line":365,"column":4},"end":{"line":369,"column":6}},"121":{"start":{"line":376,"column":4},"end":{"line":387,"column":5}},"122":{"start":{"line":377,"column":21},"end":{"line":379,"column":8}},"123":{"start":{"line":380,"column":6},"end":{"line":384,"column":41}},"124":{"start":{"line":383,"column":26},"end":{"line":383,"column":30}},"125":{"start":{"line":384,"column":22},"end":{"line":384,"column":39}},"126":{"start":{"line":386,"column":6},"end":{"line":386,"column":16}},"127":{"start":{"line":394,"column":36},"end":{"line":394,"column":38}},"128":{"start":{"line":396,"column":4},"end":{"line":398,"column":5}},"129":{"start":{"line":397,"column":6},"end":{"line":397,"column":22}},"130":{"start":{"line":400,"column":18},"end":{"line":400,"column":45}},"131":{"start":{"line":401,"column":4},"end":{"line":435,"column":5}},"132":{"start":{"line":402,"column":6},"end":{"line":402,"column":45}},"133":{"start":{"line":402,"column":36},"end":{"line":402,"column":45}},"134":{"start":{"line":404,"column":23},"end":{"line":404,"column":51}},"135":{"start":{"line":405,"column":6},"end":{"line":434,"column":7}},"136":{"start":{"line":406,"column":24},"end":{"line":406,"column":58}},"137":{"start":{"line":407,"column":22},"end":{"line":410,"column":27}},"138":{"start":{"line":410,"column":25},"end":{"line":410,"column":26}},"139":{"start":{"line":412,"column":8},"end":{"line":412,"column":41}},"140":{"start":{"line":412,"column":32},"end":{"line":412,"column":41}},"141":{"start":{"line":414,"column":25},"end":{"line":414,"column":48}},"142":{"start":{"line":415,"column":24},"end":{"line":415,"column":44}},"143":{"start":{"line":417,"column":37},"end":{"line":424,"column":10}},"144":{"start":{"line":427,"column":8},"end":{"line":429,"column":9}},"145":{"start":{"line":428,"column":10},"end":{"line":428,"column":43}},"146":{"start":{"line":431,"column":8},"end":{"line":431,"column":31}},"147":{"start":{"line":433,"column":8},"end":{"line":433,"column":53}},"148":{"start":{"line":437,"column":4},"end":{"line":437,"column":20}},"149":{"start":{"line":444,"column":16},"end":{"line":444,"column":19}},"150":{"start":{"line":447,"column":4},"end":{"line":451,"column":5}},"151":{"start":{"line":448,"column":6},"end":{"line":448,"column":18}},"152":{"start":{"line":449,"column":11},"end":{"line":451,"column":5}},"153":{"start":{"line":450,"column":6},"end":{"line":450,"column":18}},"154":{"start":{"line":454,"column":4},"end":{"line":458,"column":5}},"155":{"start":{"line":455,"column":6},"end":{"line":455,"column":18}},"156":{"start":{"line":456,"column":11},"end":{"line":458,"column":5}},"157":{"start":{"line":457,"column":6},"end":{"line":457,"column":18}},"158":{"start":{"line":461,"column":4},"end":{"line":469,"column":5}},"159":{"start":{"line":462,"column":6},"end":{"line":468,"column":7}},"160":{"start":{"line":463,"column":8},"end":{"line":463,"column":20}},"161":{"start":{"line":464,"column":13},"end":{"line":468,"column":7}},"162":{"start":{"line":465,"column":8},"end":{"line":465,"column":20}},"163":{"start":{"line":466,"column":13},"end":{"line":468,"column":7}},"164":{"start":{"line":467,"column":8},"end":{"line":467,"column":19}},"165":{"start":{"line":471,"column":4},"end":{"line":471,"column":30}},"166":{"start":{"line":13,"column":0},"end":{"line":13,"column":13}}},"fnMap":{"0":{"name":"(anonymous_9)","decl":{"start":{"line":17,"column":2},"end":{"line":17,"column":14}},"loc":{"start":{"line":17,"column":51},"end":{"line":20,"column":3}}},"1":{"name":"(anonymous_10)","decl":{"start":{"line":25,"column":2},"end":{"line":25,"column":7}},"loc":{"start":{"line":25,"column":13},"end":{"line":85,"column":3}}},"2":{"name":"(anonymous_11)","decl":{"start":{"line":90,"column":10},"end":{"line":90,"column":15}},"loc":{"start":{"line":90,"column":28},"end":{"line":123,"column":3}}},"3":{"name":"(anonymous_12)","decl":{"start":{"line":128,"column":10},"end":{"line":128,"column":15}},"loc":{"start":{"line":128,"column":29},"end":{"line":181,"column":3}}},"4":{"name":"(anonymous_13)","decl":{"start":{"line":145,"column":43},"end":{"line":145,"column":44}},"loc":{"start":{"line":145,"column":50},"end":{"line":145,"column":78}}},"5":{"name":"(anonymous_14)","decl":{"start":{"line":151,"column":37},"end":{"line":151,"column":38}},"loc":{"start":{"line":151,"column":44},"end":{"line":151,"column":65}}},"6":{"name":"(anonymous_15)","decl":{"start":{"line":157,"column":41},"end":{"line":157,"column":42}},"loc":{"start":{"line":157,"column":48},"end":{"line":157,"column":63}}},"7":{"name":"(anonymous_16)","decl":{"start":{"line":186,"column":10},"end":{"line":186,"column":15}},"loc":{"start":{"line":186,"column":26},"end":{"line":239,"column":3}}},"8":{"name":"(anonymous_17)","decl":{"start":{"line":198,"column":57},"end":{"line":198,"column":58}},"loc":{"start":{"line":198,"column":64},"end":{"line":198,"column":83}}},"9":{"name":"(anonymous_18)","decl":{"start":{"line":244,"column":10},"end":{"line":244,"column":15}},"loc":{"start":{"line":244,"column":30},"end":{"line":314,"column":3}}},"10":{"name":"(anonymous_19)","decl":{"start":{"line":285,"column":55},"end":{"line":285,"column":56}},"loc":{"start":{"line":285,"column":65},"end":{"line":285,"column":70}}},"11":{"name":"(anonymous_20)","decl":{"start":{"line":319,"column":10},"end":{"line":319,"column":15}},"loc":{"start":{"line":319,"column":25},"end":{"line":356,"column":3}}},"12":{"name":"(anonymous_21)","decl":{"start":{"line":331,"column":45},"end":{"line":331,"column":46}},"loc":{"start":{"line":331,"column":55},"end":{"line":331,"column":68}}},"13":{"name":"(anonymous_22)","decl":{"start":{"line":332,"column":44},"end":{"line":332,"column":45}},"loc":{"start":{"line":332,"column":54},"end":{"line":332,"column":66}}},"14":{"name":"(anonymous_23)","decl":{"start":{"line":339,"column":38},"end":{"line":339,"column":39}},"loc":{"start":{"line":339,"column":45},"end":{"line":339,"column":51}}},"15":{"name":"(anonymous_24)","decl":{"start":{"line":340,"column":40},"end":{"line":340,"column":41}},"loc":{"start":{"line":340,"column":47},"end":{"line":340,"column":53}}},"16":{"name":"(anonymous_25)","decl":{"start":{"line":348,"column":40},"end":{"line":348,"column":41}},"loc":{"start":{"line":348,"column":47},"end":{"line":348,"column":53}}},"17":{"name":"(anonymous_26)","decl":{"start":{"line":361,"column":10},"end":{"line":361,"column":15}},"loc":{"start":{"line":361,"column":32},"end":{"line":370,"column":3}}},"18":{"name":"(anonymous_27)","decl":{"start":{"line":375,"column":10},"end":{"line":375,"column":29}},"loc":{"start":{"line":375,"column":29},"end":{"line":388,"column":3}}},"19":{"name":"(anonymous_28)","decl":{"start":{"line":383,"column":16},"end":{"line":383,"column":17}},"loc":{"start":{"line":383,"column":26},"end":{"line":383,"column":30}}},"20":{"name":"(anonymous_29)","decl":{"start":{"line":384,"column":13},"end":{"line":384,"column":14}},"loc":{"start":{"line":384,"column":22},"end":{"line":384,"column":39}}},"21":{"name":"(anonymous_30)","decl":{"start":{"line":393,"column":10},"end":{"line":393,"column":21}},"loc":{"start":{"line":393,"column":41},"end":{"line":438,"column":3}}},"22":{"name":"(anonymous_31)","decl":{"start":{"line":410,"column":18},"end":{"line":410,"column":19}},"loc":{"start":{"line":410,"column":25},"end":{"line":410,"column":26}}},"23":{"name":"(anonymous_32)","decl":{"start":{"line":443,"column":10},"end":{"line":443,"column":30}},"loc":{"start":{"line":443,"column":89},"end":{"line":472,"column":3}}}},"branchMap":{"0":{"loc":{"start":{"line":47,"column":6},"end":{"line":61,"column":7}},"type":"if","locations":[{"start":{"line":47,"column":6},"end":{"line":61,"column":7}},{"start":{"line":54,"column":13},"end":{"line":61,"column":7}}]},"1":{"loc":{"start":{"line":54,"column":13},"end":{"line":61,"column":7}},"type":"if","locations":[{"start":{"line":54,"column":13},"end":{"line":61,"column":7}},{"start":{},"end":{}}]},"2":{"loc":{"start":{"line":69,"column":4},"end":{"line":73,"column":5}},"type":"if","locations":[{"start":{"line":69,"column":4},"end":{"line":73,"column":5}},{"start":{"line":71,"column":11},"end":{"line":73,"column":5}}]},"3":{"loc":{"start":{"line":71,"column":11},"end":{"line":73,"column":5}},"type":"if","locations":[{"start":{"line":71,"column":11},"end":{"line":73,"column":5}},{"start":{},"end":{}}]},"4":{"loc":{"start":{"line":94,"column":6},"end":{"line":100,"column":7}},"type":"if","locations":[{"start":{"line":94,"column":6},"end":{"line":100,"column":7}},{"start":{},"end":{}}]},"5":{"loc":{"start":{"line":104,"column":6},"end":{"line":110,"column":7}},"type":"if","locations":[{"start":{"line":104,"column":6},"end":{"line":110,"column":7}},{"start":{},"end":{}}]},"6":{"loc":{"start":{"line":131,"column":8},"end":{"line":132,"column":70}},"type":"binary-expr","locations":[{"start":{"line":131,"column":8},"end":{"line":131,"column":56}},{"start":{"line":132,"column":8},"end":{"line":132,"column":70}}]},"7":{"loc":{"start":{"line":134,"column":6},"end":{"line":139,"column":7}},"type":"if","locations":[{"start":{"line":134,"column":6},"end":{"line":139,"column":7}},{"start":{},"end":{}}]},"8":{"loc":{"start":{"line":146,"column":6},"end":{"line":148,"column":7}},"type":"if","locations":[{"start":{"line":146,"column":6},"end":{"line":148,"column":7}},{"start":{},"end":{}}]},"9":{"loc":{"start":{"line":152,"column":6},"end":{"line":154,"column":7}},"type":"if","locations":[{"start":{"line":152,"column":6},"end":{"line":154,"column":7}},{"start":{},"end":{}}]},"10":{"loc":{"start":{"line":158,"column":6},"end":{"line":160,"column":7}},"type":"if","locations":[{"start":{"line":158,"column":6},"end":{"line":160,"column":7}},{"start":{},"end":{}}]},"11":{"loc":{"start":{"line":162,"column":6},"end":{"line":168,"column":7}},"type":"if","locations":[{"start":{"line":162,"column":6},"end":{"line":168,"column":7}},{"start":{},"end":{}}]},"12":{"loc":{"start":{"line":191,"column":6},"end":{"line":196,"column":7}},"type":"if","locations":[{"start":{"line":191,"column":6},"end":{"line":196,"column":7}},{"start":{},"end":{}}]},"13":{"loc":{"start":{"line":200,"column":6},"end":{"line":205,"column":7}},"type":"if","locations":[{"start":{"line":200,"column":6},"end":{"line":205,"column":7}},{"start":{},"end":{}}]},"14":{"loc":{"start":{"line":215,"column":8},"end":{"line":217,"column":9}},"type":"if","locations":[{"start":{"line":215,"column":8},"end":{"line":217,"column":9}},{"start":{},"end":{}}]},"15":{"loc":{"start":{"line":220,"column":6},"end":{"line":226,"column":7}},"type":"if","locations":[{"start":{"line":220,"column":6},"end":{"line":226,"column":7}},{"start":{},"end":{}}]},"16":{"loc":{"start":{"line":250,"column":6},"end":{"line":255,"column":7}},"type":"if","locations":[{"start":{"line":250,"column":6},"end":{"line":255,"column":7}},{"start":{},"end":{}}]},"17":{"loc":{"start":{"line":276,"column":10},"end":{"line":281,"column":11}},"type":"if","locations":[{"start":{"line":276,"column":10},"end":{"line":281,"column":11}},{"start":{},"end":{}}]},"18":{"loc":{"start":{"line":279,"column":29},"end":{"line":279,"column":73}},"type":"cond-expr","locations":[{"start":{"line":279,"column":45},"end":{"line":279,"column":61}},{"start":{"line":279,"column":64},"end":{"line":279,"column":73}}]},"19":{"loc":{"start":{"line":280,"column":32},"end":{"line":280,"column":53}},"type":"binary-expr","locations":[{"start":{"line":280,"column":32},"end":{"line":280,"column":48}},{"start":{"line":280,"column":52},"end":{"line":280,"column":53}}]},"20":{"loc":{"start":{"line":288,"column":6},"end":{"line":294,"column":7}},"type":"if","locations":[{"start":{"line":288,"column":6},"end":{"line":294,"column":7}},{"start":{},"end":{}}]},"21":{"loc":{"start":{"line":296,"column":6},"end":{"line":302,"column":7}},"type":"if","locations":[{"start":{"line":296,"column":6},"end":{"line":302,"column":7}},{"start":{},"end":{}}]},"22":{"loc":{"start":{"line":324,"column":6},"end":{"line":329,"column":7}},"type":"if","locations":[{"start":{"line":324,"column":6},"end":{"line":329,"column":7}},{"start":{},"end":{}}]},"23":{"loc":{"start":{"line":334,"column":6},"end":{"line":343,"column":7}},"type":"if","locations":[{"start":{"line":334,"column":6},"end":{"line":343,"column":7}},{"start":{},"end":{}}]},"24":{"loc":{"start":{"line":396,"column":4},"end":{"line":398,"column":5}},"type":"if","locations":[{"start":{"line":396,"column":4},"end":{"line":398,"column":5}},{"start":{},"end":{}}]},"25":{"loc":{"start":{"line":402,"column":6},"end":{"line":402,"column":45}},"type":"if","locations":[{"start":{"line":402,"column":6},"end":{"line":402,"column":45}},{"start":{},"end":{}}]},"26":{"loc":{"start":{"line":412,"column":8},"end":{"line":412,"column":41}},"type":"if","locations":[{"start":{"line":412,"column":8},"end":{"line":412,"column":41}},{"start":{},"end":{}}]},"27":{"loc":{"start":{"line":419,"column":17},"end":{"line":419,"column":43}},"type":"binary-expr","locations":[{"start":{"line":419,"column":17},"end":{"line":419,"column":30}},{"start":{"line":419,"column":34},"end":{"line":419,"column":43}}]},"28":{"loc":{"start":{"line":421,"column":33},"end":{"line":421,"column":64}},"type":"binary-expr","locations":[{"start":{"line":421,"column":33},"end":{"line":421,"column":50}},{"start":{"line":421,"column":54},"end":{"line":421,"column":64}}]},"29":{"loc":{"start":{"line":427,"column":8},"end":{"line":429,"column":9}},"type":"if","locations":[{"start":{"line":427,"column":8},"end":{"line":429,"column":9}},{"start":{},"end":{}}]},"30":{"loc":{"start":{"line":427,"column":12},"end":{"line":427,"column":77}},"type":"binary-expr","locations":[{"start":{"line":427,"column":12},"end":{"line":427,"column":40}},{"start":{"line":427,"column":44},"end":{"line":427,"column":60}},{"start":{"line":427,"column":64},"end":{"line":427,"column":77}}]},"31":{"loc":{"start":{"line":447,"column":4},"end":{"line":451,"column":5}},"type":"if","locations":[{"start":{"line":447,"column":4},"end":{"line":451,"column":5}},{"start":{"line":449,"column":11},"end":{"line":451,"column":5}}]},"32":{"loc":{"start":{"line":449,"column":11},"end":{"line":451,"column":5}},"type":"if","locations":[{"start":{"line":449,"column":11},"end":{"line":451,"column":5}},{"start":{},"end":{}}]},"33":{"loc":{"start":{"line":454,"column":4},"end":{"line":458,"column":5}},"type":"if","locations":[{"start":{"line":454,"column":4},"end":{"line":458,"column":5}},{"start":{"line":456,"column":11},"end":{"line":458,"column":5}}]},"34":{"loc":{"start":{"line":456,"column":11},"end":{"line":458,"column":5}},"type":"if","locations":[{"start":{"line":456,"column":11},"end":{"line":458,"column":5}},{"start":{},"end":{}}]},"35":{"loc":{"start":{"line":462,"column":6},"end":{"line":468,"column":7}},"type":"if","locations":[{"start":{"line":462,"column":6},"end":{"line":468,"column":7}},{"start":{"line":464,"column":13},"end":{"line":468,"column":7}}]},"36":{"loc":{"start":{"line":464,"column":13},"end":{"line":468,"column":7}},"type":"if","locations":[{"start":{"line":464,"column":13},"end":{"line":468,"column":7}},{"start":{"line":466,"column":13},"end":{"line":468,"column":7}}]},"37":{"loc":{"start":{"line":466,"column":13},"end":{"line":468,"column":7}},"type":"if","locations":[{"start":{"line":466,"column":13},"end":{"line":468,"column":7}},{"start":{},"end":{}}]}},"s":{"0":2,"1":2,"2":2,"3":30,"4":30,"5":30,"6":30,"7":30,"8":30,"9":30,"10":30,"11":30,"12":30,"13":150,"14":5,"15":145,"16":18,"17":30,"18":30,"19":30,"20":1,"21":29,"22":0,"23":30,"24":30,"25":30,"26":30,"27":30,"28":29,"29":0,"30":29,"31":29,"32":0,"33":29,"34":1,"35":30,"36":30,"37":29,"38":8,"39":21,"40":21,"41":21,"42":5,"43":21,"44":1,"45":21,"46":5,"47":21,"48":0,"49":21,"50":5,"51":21,"52":4,"53":21,"54":5,"55":16,"56":1,"57":30,"58":30,"59":29,"60":29,"61":8,"62":21,"63":3,"64":21,"65":18,"66":3,"67":3,"68":3,"69":3,"70":3,"71":3,"72":3,"73":2,"74":3,"75":2,"76":1,"77":1,"78":30,"79":30,"80":29,"81":29,"82":29,"83":24,"84":5,"85":5,"86":5,"87":5,"88":5,"89":32,"90":160,"91":40,"92":40,"93":40,"94":5,"95":2,"96":5,"97":5,"98":1,"99":4,"100":1,"101":3,"102":1,"103":30,"104":30,"105":29,"106":26,"107":3,"108":6,"109":3,"110":6,"111":3,"112":2,"113":1,"114":3,"115":1,"116":2,"117":1,"118":30,"119":30,"120":29,"121":59,"122":59,"123":59,"124":59,"125":59,"126":0,"127":21,"128":21,"129":0,"130":21,"131":21,"132":7,"133":0,"134":7,"135":7,"136":7,"137":7,"138":10,"139":7,"140":1,"141":6,"142":6,"143":5,"144":5,"145":1,"146":5,"147":1,"148":21,"149":30,"150":30,"151":1,"152":29,"153":0,"154":30,"155":1,"156":29,"157":13,"158":30,"159":23,"160":0,"161":23,"162":5,"163":18,"164":18,"165":30,"166":2},"f":{"0":30,"1":30,"2":30,"3":30,"4":5,"5":5,"6":5,"7":30,"8":3,"9":30,"10":2,"11":30,"12":6,"13":6,"14":1,"15":3,"16":2,"17":30,"18":59,"19":59,"20":59,"21":21,"22":10,"23":30},"b":{"0":[5,145],"1":[18,127],"2":[1,29],"3":[0,29],"4":[0,29],"5":[0,29],"6":[30,0],"7":[8,21],"8":[1,20],"9":[0,21],"10":[4,17],"11":[5,16],"12":[8,21],"13":[18,3],"14":[2,1],"15":[2,1],"16":[24,5],"17":[40,120],"18":[40,0],"19":[40,2],"20":[1,4],"21":[1,3],"22":[26,3],"23":[2,1],"24":[0,21],"25":[0,7],"26":[1,6],"27":[5,5],"28":[5,0],"29":[1,4],"30":[5,1,1],"31":[1,29],"32":[0,29],"33":[1,29],"34":[13,16],"35":[0,23],"36":[5,18],"37":[18,0]}}
,"/root/.openclaw/workspace/openclaw-pm/src/incremental-analyzer.ts": {"path":"/root/.openclaw/workspace/openclaw-pm/src/incremental-analyzer.ts","statementMap":{"0":{"start":{"line":1,"column":0},"end":{"line":1,"column":25}},"1":{"start":{"line":2,"column":0},"end":{"line":2,"column":29}},"2":{"start":{"line":3,"column":0},"end":{"line":3,"column":33}},"3":{"start":{"line":41,"column":4},"end":{"line":41,"column":60}},"4":{"start":{"line":42,"column":4},"end":{"line":42,"column":31}},"5":{"start":{"line":49,"column":4},"end":{"line":51,"column":5}},"6":{"start":{"line":50,"column":6},"end":{"line":50,"column":60}},"7":{"start":{"line":58,"column":17},"end":{"line":58,"column":71}},"8":{"start":{"line":59,"column":4},"end":{"line":59,"column":68}},"9":{"start":{"line":66,"column":27},"end":{"line":66,"column":58}},"10":{"start":{"line":68,"column":4},"end":{"line":70,"column":5}},"11":{"start":{"line":69,"column":6},"end":{"line":69,"column":18}},"12":{"start":{"line":72,"column":4},"end":{"line":77,"column":5}},"13":{"start":{"line":73,"column":22},"end":{"line":73,"column":62}},"14":{"start":{"line":74,"column":6},"end":{"line":74,"column":33}},"15":{"start":{"line":76,"column":6},"end":{"line":76,"column":18}},"16":{"start":{"line":84,"column":27},"end":{"line":84,"column":69}},"17":{"start":{"line":85,"column":4},"end":{"line":85,"column":74}},"18":{"start":{"line":92,"column":4},"end":{"line":105,"column":6}},"19":{"start":{"line":112,"column":17},"end":{"line":112,"column":37}},"20":{"start":{"line":113,"column":4},"end":{"line":113,"column":45}},"21":{"start":{"line":121,"column":21},"end":{"line":121,"column":49}},"22":{"start":{"line":122,"column":4},"end":{"line":124,"column":5}},"23":{"start":{"line":123,"column":6},"end":{"line":123,"column":57}},"24":{"start":{"line":127,"column":4},"end":{"line":129,"column":5}},"25":{"start":{"line":128,"column":6},"end":{"line":128,"column":57}},"26":{"start":{"line":132,"column":15},"end":{"line":132,"column":40}},"27":{"start":{"line":133,"column":17},"end":{"line":133,"column":37}},"28":{"start":{"line":134,"column":27},"end":{"line":134,"column":60}},"29":{"start":{"line":136,"column":4},"end":{"line":145,"column":5}},"30":{"start":{"line":137,"column":6},"end":{"line":137,"column":23}},"31":{"start":{"line":138,"column":6},"end":{"line":144,"column":8}},"32":{"start":{"line":147,"column":19},"end":{"line":147,"column":47}},"33":{"start":{"line":148,"column":4},"end":{"line":148,"column":70}},"34":{"start":{"line":149,"column":4},"end":{"line":149,"column":21}},"35":{"start":{"line":151,"column":23},"end":{"line":151,"column":47}},"36":{"start":{"line":152,"column":21},"end":{"line":152,"column":43}},"37":{"start":{"line":155,"column":22},"end":{"line":155,"column":23}},"38":{"start":{"line":156,"column":20},"end":{"line":156,"column":21}},"39":{"start":{"line":157,"column":27},"end":{"line":157,"column":28}},"40":{"start":{"line":158,"column":24},"end":{"line":158,"column":48}},"41":{"start":{"line":160,"column":4},"end":{"line":195,"column":5}},"42":{"start":{"line":161,"column":6},"end":{"line":161,"column":33}},"43":{"start":{"line":161,"column":24},"end":{"line":161,"column":33}},"44":{"start":{"line":164,"column":24},"end":{"line":164,"column":87}},"45":{"start":{"line":165,"column":6},"end":{"line":167,"column":7}},"46":{"start":{"line":166,"column":8},"end":{"line":166,"column":37}},"47":{"start":{"line":170,"column":6},"end":{"line":173,"column":7}},"48":{"start":{"line":171,"column":8},"end":{"line":171,"column":22}},"49":{"start":{"line":172,"column":8},"end":{"line":172,"column":44}},"50":{"start":{"line":175,"column":6},"end":{"line":177,"column":7}},"51":{"start":{"line":176,"column":8},"end":{"line":176,"column":40}},"52":{"start":{"line":180,"column":6},"end":{"line":183,"column":7}},"53":{"start":{"line":181,"column":8},"end":{"line":181,"column":20}},"54":{"start":{"line":182,"column":8},"end":{"line":182,"column":34}},"55":{"start":{"line":186,"column":6},"end":{"line":189,"column":7}},"56":{"start":{"line":187,"column":8},"end":{"line":187,"column":27}},"57":{"start":{"line":188,"column":8},"end":{"line":188,"column":41}},"58":{"start":{"line":191,"column":6},"end":{"line":194,"column":7}},"59":{"start":{"line":192,"column":8},"end":{"line":192,"column":27}},"60":{"start":{"line":193,"column":8},"end":{"line":193,"column":40}},"61":{"start":{"line":198,"column":4},"end":{"line":198,"column":38}},"62":{"start":{"line":199,"column":4},"end":{"line":199,"column":49}},"63":{"start":{"line":200,"column":4},"end":{"line":200,"column":45}},"64":{"start":{"line":201,"column":4},"end":{"line":201,"column":38}},"65":{"start":{"line":203,"column":4},"end":{"line":203,"column":36}},"66":{"start":{"line":205,"column":4},"end":{"line":211,"column":6}},"67":{"start":{"line":218,"column":27},"end":{"line":218,"column":58}},"68":{"start":{"line":219,"column":4},"end":{"line":221,"column":5}},"69":{"start":{"line":220,"column":6},"end":{"line":220,"column":36}},"70":{"start":{"line":228,"column":18},"end":{"line":228,"column":52}},"71":{"start":{"line":229,"column":46},"end":{"line":229,"column":48}},"72":{"start":{"line":231,"column":4},"end":{"line":241,"column":5}},"73":{"start":{"line":232,"column":6},"end":{"line":232,"column":52}},"74":{"start":{"line":232,"column":43},"end":{"line":232,"column":52}},"75":{"start":{"line":234,"column":23},"end":{"line":234,"column":58}},"76":{"start":{"line":235,"column":6},"end":{"line":240,"column":7}},"77":{"start":{"line":236,"column":24},"end":{"line":236,"column":58}},"78":{"start":{"line":237,"column":8},"end":{"line":237,"column":46}},"79":{"start":{"line":243,"column":4},"end":{"line":243,"column":23}},"80":{"start":{"line":250,"column":18},"end":{"line":250,"column":52}},"81":{"start":{"line":251,"column":23},"end":{"line":251,"column":68}},"82":{"start":{"line":252,"column":23},"end":{"line":252,"column":24}},"83":{"start":{"line":254,"column":4},"end":{"line":271,"column":5}},"84":{"start":{"line":255,"column":6},"end":{"line":255,"column":52}},"85":{"start":{"line":255,"column":43},"end":{"line":255,"column":52}},"86":{"start":{"line":257,"column":23},"end":{"line":257,"column":58}},"87":{"start":{"line":258,"column":6},"end":{"line":270,"column":7}},"88":{"start":{"line":259,"column":24},"end":{"line":259,"column":58}},"89":{"start":{"line":260,"column":47},"end":{"line":260,"column":66}},"90":{"start":{"line":262,"column":8},"end":{"line":265,"column":9}},"91":{"start":{"line":263,"column":10},"end":{"line":263,"column":34}},"92":{"start":{"line":264,"column":10},"end":{"line":264,"column":25}},"93":{"start":{"line":268,"column":8},"end":{"line":268,"column":32}},"94":{"start":{"line":269,"column":8},"end":{"line":269,"column":23}},"95":{"start":{"line":273,"column":4},"end":{"line":273,"column":24}},"96":{"start":{"line":285,"column":18},"end":{"line":285,"column":52}},"97":{"start":{"line":286,"column":20},"end":{"line":286,"column":21}},"98":{"start":{"line":287,"column":21},"end":{"line":287,"column":29}},"99":{"start":{"line":288,"column":21},"end":{"line":288,"column":22}},"100":{"start":{"line":289,"column":42},"end":{"line":289,"column":46}},"101":{"start":{"line":290,"column":42},"end":{"line":290,"column":46}},"102":{"start":{"line":292,"column":4},"end":{"line":315,"column":5}},"103":{"start":{"line":293,"column":6},"end":{"line":293,"column":52}},"104":{"start":{"line":293,"column":43},"end":{"line":293,"column":52}},"105":{"start":{"line":295,"column":23},"end":{"line":295,"column":58}},"106":{"start":{"line":296,"column":19},"end":{"line":296,"column":40}},"107":{"start":{"line":297,"column":6},"end":{"line":297,"column":29}},"108":{"start":{"line":299,"column":6},"end":{"line":314,"column":7}},"109":{"start":{"line":300,"column":24},"end":{"line":300,"column":58}},"110":{"start":{"line":301,"column":47},"end":{"line":301,"column":66}},"111":{"start":{"line":303,"column":8},"end":{"line":306,"column":9}},"112":{"start":{"line":304,"column":10},"end":{"line":304,"column":44}},"113":{"start":{"line":305,"column":10},"end":{"line":305,"column":48}},"114":{"start":{"line":308,"column":8},"end":{"line":311,"column":9}},"115":{"start":{"line":309,"column":10},"end":{"line":309,"column":44}},"116":{"start":{"line":310,"column":10},"end":{"line":310,"column":48}},"117":{"start":{"line":317,"column":4},"end":{"line":322,"column":6}},"118":{"start":{"line":318,"column":44},"end":{"line":318,"column":71}},"119":{"start":{"line":37,"column":0},"end":{"line":37,"column":13}}},"fnMap":{"0":{"name":"(anonymous_9)","decl":{"start":{"line":40,"column":2},"end":{"line":40,"column":14}},"loc":{"start":{"line":40,"column":30},"end":{"line":43,"column":3}}},"1":{"name":"(anonymous_10)","decl":{"start":{"line":48,"column":10},"end":{"line":48,"column":29}},"loc":{"start":{"line":48,"column":29},"end":{"line":52,"column":3}}},"2":{"name":"(anonymous_11)","decl":{"start":{"line":57,"column":10},"end":{"line":57,"column":27}},"loc":{"start":{"line":57,"column":43},"end":{"line":60,"column":3}}},"3":{"name":"(anonymous_12)","decl":{"start":{"line":65,"column":2},"end":{"line":65,"column":16}},"loc":{"start":{"line":65,"column":32},"end":{"line":78,"column":3}}},"4":{"name":"(anonymous_13)","decl":{"start":{"line":83,"column":2},"end":{"line":83,"column":16}},"loc":{"start":{"line":83,"column":47},"end":{"line":86,"column":3}}},"5":{"name":"(anonymous_14)","decl":{"start":{"line":91,"column":10},"end":{"line":91,"column":33}},"loc":{"start":{"line":91,"column":49},"end":{"line":106,"column":3}}},"6":{"name":"(anonymous_15)","decl":{"start":{"line":111,"column":10},"end":{"line":111,"column":24}},"loc":{"start":{"line":111,"column":72},"end":{"line":114,"column":3}}},"7":{"name":"(anonymous_16)","decl":{"start":{"line":119,"column":2},"end":{"line":119,"column":20}},"loc":{"start":{"line":119,"column":36},"end":{"line":212,"column":3}}},"8":{"name":"(anonymous_17)","decl":{"start":{"line":217,"column":2},"end":{"line":217,"column":17}},"loc":{"start":{"line":217,"column":33},"end":{"line":222,"column":3}}},"9":{"name":"(anonymous_18)","decl":{"start":{"line":227,"column":2},"end":{"line":227,"column":19}},"loc":{"start":{"line":227,"column":19},"end":{"line":244,"column":3}}},"10":{"name":"(anonymous_19)","decl":{"start":{"line":249,"column":2},"end":{"line":249,"column":23}},"loc":{"start":{"line":249,"column":46},"end":{"line":274,"column":3}}},"11":{"name":"(anonymous_20)","decl":{"start":{"line":279,"column":2},"end":{"line":279,"column":20}},"loc":{"start":{"line":279,"column":20},"end":{"line":323,"column":3}}},"12":{"name":"(anonymous_21)","decl":{"start":{"line":318,"column":37},"end":{"line":318,"column":38}},"loc":{"start":{"line":318,"column":44},"end":{"line":318,"column":71}}}},"branchMap":{"0":{"loc":{"start":{"line":49,"column":4},"end":{"line":51,"column":5}},"type":"if","locations":[{"start":{"line":49,"column":4},"end":{"line":51,"column":5}},{"start":{},"end":{}}]},"1":{"loc":{"start":{"line":68,"column":4},"end":{"line":70,"column":5}},"type":"if","locations":[{"start":{"line":68,"column":4},"end":{"line":70,"column":5}},{"start":{},"end":{}}]},"2":{"loc":{"start":{"line":122,"column":4},"end":{"line":124,"column":5}},"type":"if","locations":[{"start":{"line":122,"column":4},"end":{"line":124,"column":5}},{"start":{},"end":{}}]},"3":{"loc":{"start":{"line":127,"column":4},"end":{"line":129,"column":5}},"type":"if","locations":[{"start":{"line":127,"column":4},"end":{"line":129,"column":5}},{"start":{},"end":{}}]},"4":{"loc":{"start":{"line":136,"column":4},"end":{"line":145,"column":5}},"type":"if","locations":[{"start":{"line":136,"column":4},"end":{"line":145,"column":5}},{"start":{},"end":{}}]},"5":{"loc":{"start":{"line":161,"column":6},"end":{"line":161,"column":33}},"type":"if","locations":[{"start":{"line":161,"column":6},"end":{"line":161,"column":33}},{"start":{},"end":{}}]},"6":{"loc":{"start":{"line":165,"column":6},"end":{"line":167,"column":7}},"type":"if","locations":[{"start":{"line":165,"column":6},"end":{"line":167,"column":7}},{"start":{},"end":{}}]},"7":{"loc":{"start":{"line":170,"column":6},"end":{"line":173,"column":7}},"type":"if","locations":[{"start":{"line":170,"column":6},"end":{"line":173,"column":7}},{"start":{},"end":{}}]},"8":{"loc":{"start":{"line":170,"column":10},"end":{"line":170,"column":79}},"type":"binary-expr","locations":[{"start":{"line":170,"column":10},"end":{"line":170,"column":43}},{"start":{"line":170,"column":47},"end":{"line":170,"column":79}}]},"9":{"loc":{"start":{"line":175,"column":6},"end":{"line":177,"column":7}},"type":"if","locations":[{"start":{"line":175,"column":6},"end":{"line":177,"column":7}},{"start":{},"end":{}}]},"10":{"loc":{"start":{"line":175,"column":10},"end":{"line":175,"column":76}},"type":"binary-expr","locations":[{"start":{"line":175,"column":10},"end":{"line":175,"column":39}},{"start":{"line":175,"column":43},"end":{"line":175,"column":76}}]},"11":{"loc":{"start":{"line":180,"column":6},"end":{"line":183,"column":7}},"type":"if","locations":[{"start":{"line":180,"column":6},"end":{"line":183,"column":7}},{"start":{},"end":{}}]},"12":{"loc":{"start":{"line":186,"column":6},"end":{"line":189,"column":7}},"type":"if","locations":[{"start":{"line":186,"column":6},"end":{"line":189,"column":7}},{"start":{},"end":{}}]},"13":{"loc":{"start":{"line":186,"column":10},"end":{"line":186,"column":79}},"type":"binary-expr","locations":[{"start":{"line":186,"column":10},"end":{"line":186,"column":43}},{"start":{"line":186,"column":47},"end":{"line":186,"column":79}}]},"14":{"loc":{"start":{"line":191,"column":6},"end":{"line":194,"column":7}},"type":"if","locations":[{"start":{"line":191,"column":6},"end":{"line":194,"column":7}},{"start":{},"end":{}}]},"15":{"loc":{"start":{"line":191,"column":10},"end":{"line":191,"column":79}},"type":"binary-expr","locations":[{"start":{"line":191,"column":10},"end":{"line":191,"column":43}},{"start":{"line":191,"column":47},"end":{"line":191,"column":79}}]},"16":{"loc":{"start":{"line":219,"column":4},"end":{"line":221,"column":5}},"type":"if","locations":[{"start":{"line":219,"column":4},"end":{"line":221,"column":5}},{"start":{},"end":{}}]},"17":{"loc":{"start":{"line":232,"column":6},"end":{"line":232,"column":52}},"type":"if","locations":[{"start":{"line":232,"column":6},"end":{"line":232,"column":52}},{"start":{},"end":{}}]},"18":{"loc":{"start":{"line":249,"column":24},"end":{"line":249,"column":46}},"type":"default-arg","locations":[{"start":{"line":249,"column":45},"end":{"line":249,"column":46}}]},"19":{"loc":{"start":{"line":255,"column":6},"end":{"line":255,"column":52}},"type":"if","locations":[{"start":{"line":255,"column":6},"end":{"line":255,"column":52}},{"start":{},"end":{}}]},"20":{"loc":{"start":{"line":262,"column":8},"end":{"line":265,"column":9}},"type":"if","locations":[{"start":{"line":262,"column":8},"end":{"line":265,"column":9}},{"start":{},"end":{}}]},"21":{"loc":{"start":{"line":293,"column":6},"end":{"line":293,"column":52}},"type":"if","locations":[{"start":{"line":293,"column":6},"end":{"line":293,"column":52}},{"start":{},"end":{}}]},"22":{"loc":{"start":{"line":303,"column":8},"end":{"line":306,"column":9}},"type":"if","locations":[{"start":{"line":303,"column":8},"end":{"line":306,"column":9}},{"start":{},"end":{}}]},"23":{"loc":{"start":{"line":308,"column":8},"end":{"line":311,"column":9}},"type":"if","locations":[{"start":{"line":308,"column":8},"end":{"line":311,"column":9}},{"start":{},"end":{}}]}},"s":{"0":1,"1":1,"2":1,"3":7,"4":7,"5":7,"6":7,"7":26,"8":26,"9":14,"10":14,"11":9,"12":5,"13":5,"14":5,"15":0,"16":11,"17":11,"18":9,"19":11,"20":11,"21":11,"22":11,"23":8,"24":11,"25":1,"26":11,"27":11,"28":11,"29":11,"30":1,"31":1,"32":10,"33":10,"34":10,"35":10,"36":10,"37":10,"38":10,"39":10,"40":10,"41":10,"42":27,"43":10,"44":17,"45":17,"46":4,"47":17,"48":2,"49":2,"50":17,"51":0,"52":17,"53":1,"54":1,"55":17,"56":1,"57":1,"58":17,"59":0,"60":0,"61":10,"62":10,"63":10,"64":10,"65":10,"66":10,"67":1,"68":1,"69":1,"70":1,"71":1,"72":1,"73":2,"74":0,"75":2,"76":2,"77":2,"78":2,"79":1,"80":1,"81":1,"82":1,"83":1,"84":1,"85":0,"86":1,"87":1,"88":1,"89":1,"90":1,"91":1,"92":1,"93":0,"94":0,"95":1,"96":0,"97":0,"98":0,"99":0,"100":0,"101":0,"102":0,"103":0,"104":0,"105":0,"106":0,"107":0,"108":0,"109":0,"110":0,"111":0,"112":0,"113":0,"114":0,"115":0,"116":0,"117":0,"118":0,"119":1},"f":{"0":7,"1":7,"2":26,"3":14,"4":11,"5":9,"6":11,"7":11,"8":1,"9":1,"10":1,"11":0,"12":0},"b":{"0":[7,0],"1":[9,5],"2":[8,3],"3":[1,10],"4":[1,10],"5":[10,17],"6":[4,13],"7":[2,15],"8":[17,15],"9":[0,17],"10":[17,17],"11":[1,16],"12":[1,16],"13":[17,17],"14":[0,17],"15":[17,17],"16":[1,0],"17":[0,2],"18":[0],"19":[0,1],"20":[1,0],"21":[0,0],"22":[0,0],"23":[0,0]}}
,"/root/.openclaw/workspace/openclaw-pm/src/logger.ts": {"path":"/root/.openclaw/workspace/openclaw-pm/src/logger.ts","statementMap":{"0":{"start":{"line":6,"column":0},"end":{"line":6,"column":25}},"1":{"start":{"line":7,"column":0},"end":{"line":7,"column":29}},"2":{"start":{"line":8,"column":0},"end":{"line":8,"column":26}},"3":{"start":{"line":10,"column":0},"end":{"line":10,"column":null}},"4":{"start":{"line":11,"column":2},"end":{"line":11,"column":null}},"5":{"start":{"line":12,"column":2},"end":{"line":12,"column":null}},"6":{"start":{"line":13,"column":2},"end":{"line":13,"column":null}},"7":{"start":{"line":14,"column":2},"end":{"line":14,"column":null}},"8":{"start":{"line":31,"column":4},"end":{"line":31,"column":48}},"9":{"start":{"line":32,"column":4},"end":{"line":32,"column":35}},"10":{"start":{"line":33,"column":4},"end":{"line":33,"column":55}},"11":{"start":{"line":34,"column":4},"end":{"line":34,"column":50}},"12":{"start":{"line":36,"column":4},"end":{"line":41,"column":5}},"13":{"start":{"line":37,"column":18},"end":{"line":37,"column":44}},"14":{"start":{"line":38,"column":6},"end":{"line":40,"column":7}},"15":{"start":{"line":39,"column":8},"end":{"line":39,"column":47}},"16":{"start":{"line":45,"column":22},"end":{"line":45,"column":46}},"17":{"start":{"line":46,"column":4},"end":{"line":46,"column":50}},"18":{"start":{"line":50,"column":4},"end":{"line":52,"column":5}},"19":{"start":{"line":51,"column":6},"end":{"line":51,"column":63}},"20":{"start":{"line":56,"column":4},"end":{"line":62,"column":5}},"21":{"start":{"line":57,"column":24},"end":{"line":57,"column":60}},"22":{"start":{"line":58,"column":6},"end":{"line":60,"column":7}},"23":{"start":{"line":59,"column":8},"end":{"line":59,"column":43}},"24":{"start":{"line":61,"column":6},"end":{"line":61,"column":34}},"25":{"start":{"line":66,"column":4},"end":{"line":72,"column":5}},"26":{"start":{"line":67,"column":24},"end":{"line":67,"column":59}},"27":{"start":{"line":68,"column":6},"end":{"line":70,"column":7}},"28":{"start":{"line":69,"column":8},"end":{"line":69,"column":43}},"29":{"start":{"line":71,"column":6},"end":{"line":71,"column":34}},"30":{"start":{"line":76,"column":4},"end":{"line":82,"column":5}},"31":{"start":{"line":77,"column":24},"end":{"line":77,"column":59}},"32":{"start":{"line":78,"column":6},"end":{"line":80,"column":7}},"33":{"start":{"line":79,"column":8},"end":{"line":79,"column":45}},"34":{"start":{"line":81,"column":6},"end":{"line":81,"column":34}},"35":{"start":{"line":86,"column":4},"end":{"line":98,"column":5}},"36":{"start":{"line":87,"column":24},"end":{"line":87,"column":60}},"37":{"start":{"line":88,"column":6},"end":{"line":93,"column":7}},"38":{"start":{"line":89,"column":8},"end":{"line":89,"column":42}},"39":{"start":{"line":90,"column":8},"end":{"line":92,"column":9}},"40":{"start":{"line":91,"column":10},"end":{"line":91,"column":63}},"41":{"start":{"line":94,"column":6},"end":{"line":94,"column":34}},"42":{"start":{"line":95,"column":6},"end":{"line":97,"column":7}},"43":{"start":{"line":96,"column":8},"end":{"line":96,"column":55}},"44":{"start":{"line":102,"column":22},"end":{"line":102,"column":60}},"45":{"start":{"line":103,"column":4},"end":{"line":105,"column":5}},"46":{"start":{"line":104,"column":6},"end":{"line":104,"column":42}},"47":{"start":{"line":106,"column":4},"end":{"line":106,"column":32}},"48":{"start":{"line":24,"column":0},"end":{"line":24,"column":13}},"49":{"start":{"line":111,"column":13},"end":{"line":111,"column":35}}},"fnMap":{"0":{"name":"(anonymous_10)","decl":{"start":{"line":10,"column":0},"end":{"line":10,"column":12}},"loc":{"start":{"line":10,"column":20},"end":{"line":15,"column":1}}},"1":{"name":"(anonymous_11)","decl":{"start":{"line":30,"column":2},"end":{"line":30,"column":14}},"loc":{"start":{"line":30,"column":41},"end":{"line":42,"column":3}}},"2":{"name":"(anonymous_12)","decl":{"start":{"line":44,"column":10},"end":{"line":44,"column":23}},"loc":{"start":{"line":44,"column":54},"end":{"line":47,"column":3}}},"3":{"name":"(anonymous_13)","decl":{"start":{"line":49,"column":10},"end":{"line":49,"column":21}},"loc":{"start":{"line":49,"column":37},"end":{"line":53,"column":3}}},"4":{"name":"(anonymous_14)","decl":{"start":{"line":55,"column":2},"end":{"line":55,"column":7}},"loc":{"start":{"line":55,"column":23},"end":{"line":63,"column":3}}},"5":{"name":"(anonymous_15)","decl":{"start":{"line":65,"column":2},"end":{"line":65,"column":6}},"loc":{"start":{"line":65,"column":22},"end":{"line":73,"column":3}}},"6":{"name":"(anonymous_16)","decl":{"start":{"line":75,"column":2},"end":{"line":75,"column":6}},"loc":{"start":{"line":75,"column":22},"end":{"line":83,"column":3}}},"7":{"name":"(anonymous_17)","decl":{"start":{"line":85,"column":2},"end":{"line":85,"column":7}},"loc":{"start":{"line":85,"column":38},"end":{"line":99,"column":3}}},"8":{"name":"(anonymous_18)","decl":{"start":{"line":101,"column":2},"end":{"line":101,"column":9}},"loc":{"start":{"line":101,"column":25},"end":{"line":107,"column":3}}}},"branchMap":{"0":{"loc":{"start":{"line":10,"column":12},"end":{"line":10,"column":null}},"type":"binary-expr","locations":[{"start":{"line":10,"column":12},"end":{"line":10,"column":20}},{"start":{"line":10,"column":20},"end":{"line":10,"column":null}}]},"1":{"loc":{"start":{"line":30,"column":14},"end":{"line":30,"column":41}},"type":"default-arg","locations":[{"start":{"line":30,"column":39},"end":{"line":30,"column":41}}]},"2":{"loc":{"start":{"line":31,"column":17},"end":{"line":31,"column":47}},"type":"binary-expr","locations":[{"start":{"line":31,"column":17},"end":{"line":31,"column":30}},{"start":{"line":31,"column":34},"end":{"line":31,"column":47}}]},"3":{"loc":{"start":{"line":33,"column":25},"end":{"line":33,"column":54}},"type":"binary-expr","locations":[{"start":{"line":33,"column":25},"end":{"line":33,"column":46}},{"start":{"line":33,"column":50},"end":{"line":33,"column":54}}]},"4":{"loc":{"start":{"line":34,"column":22},"end":{"line":34,"column":49}},"type":"binary-expr","locations":[{"start":{"line":34,"column":22},"end":{"line":34,"column":40}},{"start":{"line":34,"column":44},"end":{"line":34,"column":49}}]},"5":{"loc":{"start":{"line":36,"column":4},"end":{"line":41,"column":5}},"type":"if","locations":[{"start":{"line":36,"column":4},"end":{"line":41,"column":5}},{"start":{},"end":{}}]},"6":{"loc":{"start":{"line":36,"column":8},"end":{"line":36,"column":39}},"type":"binary-expr","locations":[{"start":{"line":36,"column":8},"end":{"line":36,"column":23}},{"start":{"line":36,"column":27},"end":{"line":36,"column":39}}]},"7":{"loc":{"start":{"line":38,"column":6},"end":{"line":40,"column":7}},"type":"if","locations":[{"start":{"line":38,"column":6},"end":{"line":40,"column":7}},{"start":{},"end":{}}]},"8":{"loc":{"start":{"line":50,"column":4},"end":{"line":52,"column":5}},"type":"if","locations":[{"start":{"line":50,"column":4},"end":{"line":52,"column":5}},{"start":{},"end":{}}]},"9":{"loc":{"start":{"line":50,"column":8},"end":{"line":50,"column":39}},"type":"binary-expr","locations":[{"start":{"line":50,"column":8},"end":{"line":50,"column":23}},{"start":{"line":50,"column":27},"end":{"line":50,"column":39}}]},"10":{"loc":{"start":{"line":56,"column":4},"end":{"line":62,"column":5}},"type":"if","locations":[{"start":{"line":56,"column":4},"end":{"line":62,"column":5}},{"start":{},"end":{}}]},"11":{"loc":{"start":{"line":58,"column":6},"end":{"line":60,"column":7}},"type":"if","locations":[{"start":{"line":58,"column":6},"end":{"line":60,"column":7}},{"start":{},"end":{}}]},"12":{"loc":{"start":{"line":66,"column":4},"end":{"line":72,"column":5}},"type":"if","locations":[{"start":{"line":66,"column":4},"end":{"line":72,"column":5}},{"start":{},"end":{}}]},"13":{"loc":{"start":{"line":68,"column":6},"end":{"line":70,"column":7}},"type":"if","locations":[{"start":{"line":68,"column":6},"end":{"line":70,"column":7}},{"start":{},"end":{}}]},"14":{"loc":{"start":{"line":76,"column":4},"end":{"line":82,"column":5}},"type":"if","locations":[{"start":{"line":76,"column":4},"end":{"line":82,"column":5}},{"start":{},"end":{}}]},"15":{"loc":{"start":{"line":78,"column":6},"end":{"line":80,"column":7}},"type":"if","locations":[{"start":{"line":78,"column":6},"end":{"line":80,"column":7}},{"start":{},"end":{}}]},"16":{"loc":{"start":{"line":86,"column":4},"end":{"line":98,"column":5}},"type":"if","locations":[{"start":{"line":86,"column":4},"end":{"line":98,"column":5}},{"start":{},"end":{}}]},"17":{"loc":{"start":{"line":88,"column":6},"end":{"line":93,"column":7}},"type":"if","locations":[{"start":{"line":88,"column":6},"end":{"line":93,"column":7}},{"start":{},"end":{}}]},"18":{"loc":{"start":{"line":90,"column":8},"end":{"line":92,"column":9}},"type":"if","locations":[{"start":{"line":90,"column":8},"end":{"line":92,"column":9}},{"start":{},"end":{}}]},"19":{"loc":{"start":{"line":91,"column":32},"end":{"line":91,"column":60}},"type":"binary-expr","locations":[{"start":{"line":91,"column":32},"end":{"line":91,"column":43}},{"start":{"line":91,"column":47},"end":{"line":91,"column":60}}]},"20":{"loc":{"start":{"line":95,"column":6},"end":{"line":97,"column":7}},"type":"if","locations":[{"start":{"line":95,"column":6},"end":{"line":97,"column":7}},{"start":{},"end":{}}]},"21":{"loc":{"start":{"line":96,"column":25},"end":{"line":96,"column":53}},"type":"binary-expr","locations":[{"start":{"line":96,"column":25},"end":{"line":96,"column":36}},{"start":{"line":96,"column":40},"end":{"line":96,"column":53}}]},"22":{"loc":{"start":{"line":103,"column":4},"end":{"line":105,"column":5}},"type":"if","locations":[{"start":{"line":103,"column":4},"end":{"line":105,"column":5}},{"start":{},"end":{}}]}},"s":{"0":3,"1":3,"2":3,"3":3,"4":3,"5":3,"6":3,"7":3,"8":50,"9":50,"10":50,"11":50,"12":50,"13":13,"14":13,"15":13,"16":31,"17":31,"18":31,"19":21,"20":35,"21":2,"22":2,"23":0,"24":2,"25":75,"26":21,"27":21,"28":9,"29":21,"30":6,"31":4,"32":4,"33":0,"34":4,"35":4,"36":4,"37":4,"38":0,"39":0,"40":0,"41":4,"42":4,"43":0,"44":0,"45":0,"46":0,"47":0,"48":3,"49":3},"f":{"0":3,"1":50,"2":31,"3":31,"4":35,"5":75,"6":6,"7":4,"8":0},"b":{"0":[3,3],"1":[3],"2":[50,8],"3":[50,10],"4":[50,36],"5":[13,37],"6":[50,13],"7":[13,0],"8":[21,10],"9":[31,21],"10":[2,33],"11":[0,2],"12":[21,54],"13":[9,12],"14":[4,2],"15":[0,4],"16":[4,0],"17":[0,4],"18":[0,0],"19":[0,0],"20":[0,4],"21":[0,0],"22":[0,0]}}
}
