TN:
SF:src/cache-manager.ts
FN:23,(anonymous_9)
FN:33,(anonymous_10)
FN:42,(anonymous_11)
FN:50,(anonymous_12)
FN:57,(anonymous_13)
FN:64,(anonymous_14)
FN:75,(anonymous_15)
FN:87,(anonymous_16)
FN:106,(anonymous_17)
FN:140,(anonymous_18)
FN:171,(anonymous_19)
FN:185,(anonymous_20)
FN:201,(anonymous_21)
FN:239,(anonymous_22)
FN:278,(anonymous_23)
FNF:15
FNH:15
FNDA:15,(anonymous_9)
FNDA:15,(anonymous_10)
FNDA:27,(anonymous_11)
FNDA:27,(anonymous_12)
FNDA:8,(anonymous_13)
FNDA:20,(anonymous_14)
FNDA:2,(anonymous_15)
FNDA:2,(anonymous_16)
FNDA:15,(anonymous_17)
FNDA:15,(anonymous_18)
FNDA:1,(anonymous_19)
FNDA:1,(anonymous_20)
FNDA:2,(anonymous_21)
FNDA:2,(anonymous_22)
FNDA:3,(anonymous_23)
DA:1,1
DA:2,1
DA:3,1
DA:18,1
DA:24,15
DA:25,15
DA:26,15
DA:27,15
DA:34,15
DA:35,13
DA:43,27
DA:44,27
DA:51,27
DA:58,8
DA:65,20
DA:66,20
DA:67,26
DA:69,20
DA:76,2
DA:77,2
DA:78,2
DA:79,0
DA:88,2
DA:89,2
DA:91,2
DA:92,2
DA:93,2
DA:94,2
DA:98,2
DA:99,2
DA:108,15
DA:109,15
DA:110,4
DA:114,11
DA:115,11
DA:116,4
DA:117,4
DA:118,4
DA:120,3
DA:122,2
DA:123,2
DA:126,1
DA:130,1
DA:134,9
DA:141,15
DA:149,15
DA:152,15
DA:153,2
DA:154,2
DA:155,2
DA:160,15
DA:161,15
DA:162,15
DA:173,1
DA:176,1
DA:177,1
DA:178,1
DA:187,1
DA:190,1
DA:191,1
DA:192,2
DA:193,2
DA:202,2
DA:203,2
DA:206,2
DA:207,3
DA:208,2
DA:209,2
DA:214,2
DA:215,2
DA:216,4
DA:218,4
DA:219,4
DA:220,4
DA:221,4
DA:223,3
DA:224,2
DA:225,2
DA:229,1
DA:233,2
DA:240,2
DA:241,2
DA:244,2
DA:245,2
DA:246,1
DA:247,1
DA:252,2
DA:253,2
DA:254,3
DA:256,3
DA:257,3
DA:258,3
DA:259,3
DA:261,2
DA:262,1
DA:263,1
DA:267,1
DA:268,1
DA:272,2
DA:284,3
DA:285,3
DA:287,3
DA:288,3
DA:289,3
DA:291,3
DA:292,5
DA:294,5
DA:295,5
DA:296,5
DA:297,5
DA:300,3
LF:111
LH:110
BRDA:23,0,0,14
BRDA:34,1,0,13
BRDA:34,1,1,2
BRDA:78,2,0,0
BRDA:78,2,1,2
BRDA:92,3,0,2
BRDA:92,3,1,0
BRDA:98,4,0,2
BRDA:98,4,1,0
BRDA:109,5,0,4
BRDA:109,5,1,11
BRDA:109,6,0,15
BRDA:109,6,1,5
BRDA:115,7,0,4
BRDA:115,7,1,7
BRDA:120,8,0,2
BRDA:120,8,1,1
BRDA:152,9,0,2
BRDA:152,9,1,13
BRDA:154,10,0,2
BRDA:154,10,1,0
BRDA:177,11,0,1
BRDA:177,11,1,0
BRDA:192,12,0,2
BRDA:192,12,1,0
BRDA:207,13,0,2
BRDA:207,13,1,1
BRDA:216,14,0,0
BRDA:216,14,1,4
BRDA:223,15,0,2
BRDA:223,15,1,1
BRDA:245,16,0,1
BRDA:245,16,1,1
BRDA:254,17,0,0
BRDA:254,17,1,3
BRDA:261,18,0,1
BRDA:261,18,1,1
BRDA:292,19,0,0
BRDA:292,19,1,5
BRF:39
BRH:30
end_of_record
TN:
SF:src/config.ts
FN:10,uniquePaths
FN:11,(anonymous_10)
FN:14,scoreOpenClawDir
FN:31,detectOpenClawDir
FN:58,getDefaultConfigPath
FN:62,getDefaultSessionsDir
FN:66,getDefaultWorkspaceDir
FN:70,getDefaultBackupDir
FN:74,getDefaultCacheDir
FN:120,(anonymous_18)
FN:127,(anonymous_19)
FN:144,(anonymous_20)
FN:157,(anonymous_21)
FN:176,(anonymous_22)
FN:196,(anonymous_23)
FN:203,(anonymous_24)
FNF:16
FNH:16
FNDA:1,uniquePaths
FNDA:4,(anonymous_10)
FNDA:2,scoreOpenClawDir
FNDA:4,detectOpenClawDir
FNDA:1,getDefaultConfigPath
FNDA:3,getDefaultSessionsDir
FNDA:3,getDefaultWorkspaceDir
FNDA:5,getDefaultBackupDir
FNDA:1,getDefaultCacheDir
FNDA:50,(anonymous_18)
FNDA:198,(anonymous_19)
FNDA:8,(anonymous_20)
FNDA:189,(anonymous_21)
FNDA:6,(anonymous_22)
FNDA:3,(anonymous_23)
FNDA:2,(anonymous_24)
DA:6,3
DA:7,3
DA:8,3
DA:11,4
DA:15,2
DA:16,1
DA:19,1
DA:20,1
DA:22,1
DA:23,5
DA:24,5
DA:28,1
DA:31,3
DA:32,4
DA:33,3
DA:36,1
DA:37,1
DA:44,1
DA:45,1
DA:47,1
DA:48,2
DA:49,2
DA:50,1
DA:51,1
DA:55,1
DA:58,3
DA:59,1
DA:62,3
DA:63,3
DA:66,3
DA:67,3
DA:70,3
DA:71,5
DA:74,3
DA:75,1
DA:116,3
DA:118,50
DA:121,50
DA:128,198
DA:129,151
DA:132,47
DA:133,5
DA:136,42
DA:137,42
DA:138,42
DA:145,8
DA:146,8
DA:147,1
DA:150,8
DA:151,8
DA:158,189
DA:159,184
DA:160,184
DA:162,184
DA:163,337
DA:164,331
DA:166,6
DA:170,178
DA:177,6
DA:178,6
DA:179,6
DA:181,6
DA:182,4
DA:183,4
DA:184,2
DA:186,4
DA:189,6
DA:190,6
DA:197,3
DA:204,2
DA:206,2
DA:256,2
DA:257,2
DA:258,2
DA:261,2
DA:262,2
LF:76
LH:76
BRDA:15,0,0,1
BRDA:15,0,1,1
BRDA:23,1,0,5
BRDA:23,1,1,0
BRDA:32,2,0,3
BRDA:32,2,1,1
BRDA:39,3,0,1
BRDA:39,3,1,0
BRDA:44,4,0,1
BRDA:44,4,1,0
BRDA:49,5,0,1
BRDA:49,5,1,1
BRDA:62,6,0,0
BRDA:66,7,0,0
BRDA:70,8,0,0
BRDA:74,9,0,0
BRDA:121,10,0,50
BRDA:121,10,1,0
BRDA:128,11,0,151
BRDA:128,11,1,47
BRDA:132,12,0,5
BRDA:132,12,1,42
BRDA:146,13,0,1
BRDA:146,13,1,7
BRDA:163,14,0,331
BRDA:163,14,1,6
BRDA:163,15,0,337
BRDA:163,15,1,337
BRDA:163,15,2,337
BRDA:183,16,0,2
BRDA:183,16,1,2
BRDA:257,17,0,2
BRDA:257,17,1,0
BRF:33
BRH:24
end_of_record
TN:
SF:src/health-checker.ts
FN:17,(anonymous_9)
FN:25,(anonymous_10)
FN:90,(anonymous_11)
FN:128,(anonymous_12)
FN:145,(anonymous_13)
FN:151,(anonymous_14)
FN:157,(anonymous_15)
FN:186,(anonymous_16)
FN:198,(anonymous_17)
FN:244,(anonymous_18)
FN:285,(anonymous_19)
FN:319,(anonymous_20)
FN:331,(anonymous_21)
FN:332,(anonymous_22)
FN:339,(anonymous_23)
FN:340,(anonymous_24)
FN:348,(anonymous_25)
FN:361,(anonymous_26)
FN:375,(anonymous_27)
FN:383,(anonymous_28)
FN:384,(anonymous_29)
FN:393,(anonymous_30)
FN:410,(anonymous_31)
FN:443,(anonymous_32)
FNF:24
FNH:24
FNDA:30,(anonymous_9)
FNDA:30,(anonymous_10)
FNDA:30,(anonymous_11)
FNDA:30,(anonymous_12)
FNDA:5,(anonymous_13)
FNDA:5,(anonymous_14)
FNDA:5,(anonymous_15)
FNDA:30,(anonymous_16)
FNDA:3,(anonymous_17)
FNDA:30,(anonymous_18)
FNDA:2,(anonymous_19)
FNDA:30,(anonymous_20)
FNDA:6,(anonymous_21)
FNDA:6,(anonymous_22)
FNDA:1,(anonymous_23)
FNDA:3,(anonymous_24)
FNDA:2,(anonymous_25)
FNDA:30,(anonymous_26)
FNDA:59,(anonymous_27)
FNDA:59,(anonymous_28)
FNDA:59,(anonymous_29)
FNDA:21,(anonymous_30)
FNDA:10,(anonymous_31)
FNDA:30,(anonymous_32)
DA:6,2
DA:7,2
DA:8,2
DA:13,2
DA:18,30
DA:19,30
DA:26,30
DA:28,30
DA:31,30
DA:39,30
DA:40,30
DA:41,30
DA:43,30
DA:46,30
DA:47,150
DA:48,5
DA:54,145
DA:55,18
DA:65,30
DA:68,30
DA:69,30
DA:70,1
DA:71,29
DA:72,0
DA:75,30
DA:83,30
DA:84,30
DA:91,30
DA:92,30
DA:94,29
DA:95,0
DA:103,29
DA:104,29
DA:105,0
DA:112,29
DA:118,1
DA:129,30
DA:131,30
DA:134,29
DA:135,8
DA:141,21
DA:142,21
DA:145,21
DA:146,21
DA:147,1
DA:151,21
DA:152,21
DA:153,0
DA:157,21
DA:158,21
DA:159,4
DA:162,21
DA:163,5
DA:170,16
DA:176,1
DA:187,30
DA:188,30
DA:189,29
DA:191,29
DA:192,8
DA:198,21
DA:200,21
DA:201,18
DA:207,3
DA:208,3
DA:209,3
DA:211,3
DA:212,3
DA:213,3
DA:215,3
DA:216,2
DA:220,3
DA:221,2
DA:228,1
DA:234,1
DA:245,30
DA:246,30
DA:247,29
DA:248,29
DA:250,29
DA:251,24
DA:258,5
DA:263,5
DA:271,5
DA:272,5
DA:274,5
DA:275,32
DA:276,160
DA:278,40
DA:279,40
DA:280,40
DA:285,5
DA:286,5
DA:288,5
DA:289,1
DA:296,4
DA:297,1
DA:304,3
DA:309,1
DA:320,30
DA:322,30
DA:324,29
DA:325,26
DA:331,6
DA:332,6
DA:334,3
DA:335,2
DA:339,1
DA:340,3
DA:345,1
DA:348,2
DA:351,1
DA:362,30
DA:363,30
DA:365,29
DA:376,59
DA:377,59
DA:380,59
DA:383,59
DA:384,59
DA:386,0
DA:394,21
DA:396,21
DA:397,0
DA:400,21
DA:401,21
DA:402,7
DA:404,7
DA:405,7
DA:406,7
DA:407,7
DA:410,10
DA:412,7
DA:414,6
DA:415,6
DA:417,5
DA:427,5
DA:428,1
DA:431,5
DA:433,1
DA:437,21
DA:444,30
DA:447,30
DA:448,1
DA:449,29
DA:450,0
DA:454,30
DA:455,1
DA:456,29
DA:457,13
DA:461,30
DA:462,23
DA:463,0
DA:464,23
DA:465,5
DA:466,18
DA:467,18
DA:471,30
LF:158
LH:150
BRDA:47,0,0,5
BRDA:47,0,1,145
BRDA:54,1,0,18
BRDA:54,1,1,127
BRDA:69,2,0,1
BRDA:69,2,1,29
BRDA:71,3,0,0
BRDA:71,3,1,29
BRDA:94,4,0,0
BRDA:94,4,1,29
BRDA:104,5,0,0
BRDA:104,5,1,29
BRDA:131,6,0,30
BRDA:131,6,1,0
BRDA:134,7,0,8
BRDA:134,7,1,21
BRDA:146,8,0,1
BRDA:146,8,1,20
BRDA:152,9,0,0
BRDA:152,9,1,21
BRDA:158,10,0,4
BRDA:158,10,1,17
BRDA:162,11,0,5
BRDA:162,11,1,16
BRDA:191,12,0,8
BRDA:191,12,1,21
BRDA:200,13,0,18
BRDA:200,13,1,3
BRDA:215,14,0,2
BRDA:215,14,1,1
BRDA:220,15,0,2
BRDA:220,15,1,1
BRDA:250,16,0,24
BRDA:250,16,1,5
BRDA:276,17,0,40
BRDA:276,17,1,120
BRDA:279,18,0,40
BRDA:279,18,1,0
BRDA:280,19,0,40
BRDA:280,19,1,2
BRDA:288,20,0,1
BRDA:288,20,1,4
BRDA:296,21,0,1
BRDA:296,21,1,3
BRDA:324,22,0,26
BRDA:324,22,1,3
BRDA:334,23,0,2
BRDA:334,23,1,1
BRDA:396,24,0,0
BRDA:396,24,1,21
BRDA:402,25,0,0
BRDA:402,25,1,7
BRDA:412,26,0,1
BRDA:412,26,1,6
BRDA:419,27,0,5
BRDA:419,27,1,5
BRDA:421,28,0,5
BRDA:421,28,1,0
BRDA:427,29,0,1
BRDA:427,29,1,4
BRDA:427,30,0,5
BRDA:427,30,1,1
BRDA:427,30,2,1
BRDA:447,31,0,1
BRDA:447,31,1,29
BRDA:449,32,0,0
BRDA:449,32,1,29
BRDA:454,33,0,1
BRDA:454,33,1,29
BRDA:456,34,0,13
BRDA:456,34,1,16
BRDA:462,35,0,0
BRDA:462,35,1,23
BRDA:464,36,0,5
BRDA:464,36,1,18
BRDA:466,37,0,18
BRDA:466,37,1,0
BRF:77
BRH:65
end_of_record
TN:
SF:src/incremental-analyzer.ts
FN:40,(anonymous_9)
FN:48,(anonymous_10)
FN:57,(anonymous_11)
FN:65,(anonymous_12)
FN:83,(anonymous_13)
FN:91,(anonymous_14)
FN:111,(anonymous_15)
FN:119,(anonymous_16)
FN:217,(anonymous_17)
FN:227,(anonymous_18)
FN:249,(anonymous_19)
FN:279,(anonymous_20)
FN:318,(anonymous_21)
FNF:13
FNH:13
FNDA:12,(anonymous_9)
FNDA:12,(anonymous_10)
FNDA:34,(anonymous_11)
FNDA:17,(anonymous_12)
FNDA:16,(anonymous_13)
FNDA:11,(anonymous_14)
FNDA:13,(anonymous_15)
FNDA:13,(anonymous_16)
FNDA:1,(anonymous_17)
FNDA:1,(anonymous_18)
FNDA:2,(anonymous_19)
FNDA:2,(anonymous_20)
FNDA:4,(anonymous_21)
DA:1,1
DA:2,1
DA:3,1
DA:37,1
DA:41,12
DA:42,12
DA:49,12
DA:50,12
DA:58,34
DA:59,34
DA:66,17
DA:68,17
DA:69,11
DA:72,6
DA:73,6
DA:74,6
DA:76,1
DA:84,16
DA:85,16
DA:92,11
DA:112,13
DA:113,13
DA:121,13
DA:122,13
DA:123,10
DA:127,13
DA:128,1
DA:132,13
DA:133,13
DA:134,13
DA:136,13
DA:137,1
DA:138,1
DA:147,12
DA:148,12
DA:149,12
DA:151,12
DA:152,12
DA:155,12
DA:156,12
DA:157,12
DA:158,12
DA:160,12
DA:161,34
DA:164,22
DA:165,22
DA:166,8
DA:170,22
DA:171,2
DA:172,2
DA:175,22
DA:176,2
DA:180,22
DA:181,1
DA:182,1
DA:186,22
DA:187,1
DA:188,1
DA:191,22
DA:192,2
DA:193,2
DA:198,12
DA:199,12
DA:200,12
DA:201,12
DA:203,12
DA:205,12
DA:218,1
DA:219,1
DA:220,1
DA:228,1
DA:229,1
DA:231,1
DA:232,2
DA:234,2
DA:235,2
DA:236,2
DA:237,2
DA:243,1
DA:250,2
DA:251,2
DA:252,2
DA:254,2
DA:255,2
DA:257,2
DA:258,2
DA:259,2
DA:260,2
DA:262,1
DA:263,1
DA:264,1
DA:268,1
DA:269,1
DA:273,2
DA:285,2
DA:286,2
DA:287,2
DA:288,2
DA:289,2
DA:290,2
DA:292,2
DA:293,4
DA:295,4
DA:296,4
DA:297,4
DA:299,4
DA:300,4
DA:301,4
DA:303,3
DA:304,3
DA:305,3
DA:308,3
DA:309,2
DA:310,2
DA:317,2
DA:318,4
LF:116
LH:116
BRDA:49,0,0,12
BRDA:49,0,1,0
BRDA:68,1,0,11
BRDA:68,1,1,6
BRDA:122,2,0,10
BRDA:122,2,1,3
BRDA:127,3,0,1
BRDA:127,3,1,12
BRDA:136,4,0,1
BRDA:136,4,1,12
BRDA:161,5,0,12
BRDA:161,5,1,22
BRDA:165,6,0,8
BRDA:165,6,1,14
BRDA:170,7,0,2
BRDA:170,7,1,20
BRDA:170,8,0,22
BRDA:170,8,1,20
BRDA:175,9,0,2
BRDA:175,9,1,20
BRDA:175,10,0,22
BRDA:175,10,1,21
BRDA:180,11,0,1
BRDA:180,11,1,21
BRDA:186,12,0,1
BRDA:186,12,1,21
BRDA:186,13,0,22
BRDA:186,13,1,22
BRDA:191,14,0,2
BRDA:191,14,1,20
BRDA:191,15,0,22
BRDA:191,15,1,21
BRDA:219,16,0,1
BRDA:219,16,1,0
BRDA:232,17,0,0
BRDA:232,17,1,2
BRDA:249,18,0,0
BRDA:255,19,0,0
BRDA:255,19,1,2
BRDA:262,20,0,1
BRDA:262,20,1,0
BRDA:293,21,0,0
BRDA:293,21,1,4
BRDA:303,22,0,3
BRDA:303,22,1,0
BRDA:308,23,0,2
BRDA:308,23,1,1
BRF:47
BRH:39
end_of_record
TN:
SF:src/logger.ts
FN:10,(anonymous_10)
FN:30,(anonymous_11)
FN:44,(anonymous_12)
FN:49,(anonymous_13)
FN:55,(anonymous_14)
FN:65,(anonymous_15)
FN:75,(anonymous_16)
FN:85,(anonymous_17)
FN:101,(anonymous_18)
FNF:9
FNH:8
FNDA:3,(anonymous_10)
FNDA:50,(anonymous_11)
FNDA:31,(anonymous_12)
FNDA:31,(anonymous_13)
FNDA:35,(anonymous_14)
FNDA:75,(anonymous_15)
FNDA:6,(anonymous_16)
FNDA:4,(anonymous_17)
FNDA:0,(anonymous_18)
DA:6,3
DA:7,3
DA:8,3
DA:10,3
DA:11,3
DA:12,3
DA:13,3
DA:14,3
DA:24,3
DA:31,50
DA:32,50
DA:33,50
DA:34,50
DA:36,50
DA:37,13
DA:38,13
DA:39,13
DA:45,31
DA:46,31
DA:50,31
DA:51,21
DA:56,35
DA:57,2
DA:58,2
DA:59,0
DA:61,2
DA:66,75
DA:67,21
DA:68,21
DA:69,9
DA:71,21
DA:76,6
DA:77,4
DA:78,4
DA:79,0
DA:81,4
DA:86,4
DA:87,4
DA:88,4
DA:89,0
DA:90,0
DA:91,0
DA:94,4
DA:95,4
DA:96,0
DA:102,0
DA:103,0
DA:104,0
DA:106,0
DA:111,3
LF:50
LH:40
BRDA:10,0,0,3
BRDA:10,0,1,3
BRDA:30,1,0,3
BRDA:31,2,0,50
BRDA:31,2,1,8
BRDA:33,3,0,50
BRDA:33,3,1,10
BRDA:34,4,0,50
BRDA:34,4,1,36
BRDA:36,5,0,13
BRDA:36,5,1,37
BRDA:36,6,0,50
BRDA:36,6,1,13
BRDA:38,7,0,13
BRDA:38,7,1,0
BRDA:50,8,0,21
BRDA:50,8,1,10
BRDA:50,9,0,31
BRDA:50,9,1,21
BRDA:56,10,0,2
BRDA:56,10,1,33
BRDA:58,11,0,0
BRDA:58,11,1,2
BRDA:66,12,0,21
BRDA:66,12,1,54
BRDA:68,13,0,9
BRDA:68,13,1,12
BRDA:76,14,0,4
BRDA:76,14,1,2
BRDA:78,15,0,0
BRDA:78,15,1,4
BRDA:86,16,0,4
BRDA:86,16,1,0
BRDA:88,17,0,0
BRDA:88,17,1,4
BRDA:90,18,0,0
BRDA:90,18,1,0
BRDA:91,19,0,0
BRDA:91,19,1,0
BRDA:95,20,0,0
BRDA:95,20,1,4
BRDA:96,21,0,0
BRDA:96,21,1,0
BRDA:103,22,0,0
BRDA:103,22,1,0
BRF:45
BRH:31
end_of_record
